2015-05-02 14:47:30.653+0000 INFO  [o.n.s.CommunityNeoServer]: Setting startup timeout to: 120000ms based on 120000
2015-05-02 14:47:30.795+0000 INFO  [o.n.k.InternalAbstractGraphDatabase]: No locking implementation specified, defaulting to 'community'
2015-05-02 14:47:30.882+0000 INFO  [o.n.k.i.DiagnosticsManager]: --- INITIALIZED diagnostics START ---
2015-05-02 14:47:30.884+0000 INFO  [o.n.k.i.DiagnosticsManager]: Neo4j Kernel properties:
2015-05-02 14:47:30.889+0000 INFO  [o.n.k.i.DiagnosticsManager]: store_dir=/Users/Mat/Dropbox/University/Masters/COMP90024/Assessment/Assignment Two/COMP90024-Twitter-Project/GraphAPI/db/neo4j/development/data/graph.db
2015-05-02 14:47:30.889+0000 INFO  [o.n.k.i.DiagnosticsManager]: remote_shell_enabled=true
2015-05-02 14:47:30.890+0000 INFO  [o.n.k.i.DiagnosticsManager]: Diagnostics providers:
2015-05-02 14:47:30.890+0000 INFO  [o.n.k.i.DiagnosticsManager]: org.neo4j.kernel.configuration.Config
2015-05-02 14:47:30.890+0000 INFO  [o.n.k.i.DiagnosticsManager]: org.neo4j.kernel.info.DiagnosticsManager
2015-05-02 14:47:30.890+0000 INFO  [o.n.k.i.DiagnosticsManager]: SYSTEM_MEMORY
2015-05-02 14:47:30.890+0000 INFO  [o.n.k.i.DiagnosticsManager]: JAVA_MEMORY
2015-05-02 14:47:30.890+0000 INFO  [o.n.k.i.DiagnosticsManager]: OPERATING_SYSTEM
2015-05-02 14:47:30.890+0000 INFO  [o.n.k.i.DiagnosticsManager]: JAVA_VIRTUAL_MACHINE
2015-05-02 14:47:30.890+0000 INFO  [o.n.k.i.DiagnosticsManager]: CLASSPATH
2015-05-02 14:47:30.890+0000 INFO  [o.n.k.i.DiagnosticsManager]: LIBRARY_PATH
2015-05-02 14:47:30.891+0000 INFO  [o.n.k.i.DiagnosticsManager]: SYSTEM_PROPERTIES
2015-05-02 14:47:30.891+0000 INFO  [o.n.k.i.DiagnosticsManager]: NETWORK
2015-05-02 14:47:30.891+0000 INFO  [o.n.k.i.DiagnosticsManager]: System memory information:
2015-05-02 14:47:30.893+0000 INFO  [o.n.k.i.DiagnosticsManager]: Total Physical memory: 16.00 GB
2015-05-02 14:47:30.893+0000 INFO  [o.n.k.i.DiagnosticsManager]: Free Physical memory: 532.81 MB
2015-05-02 14:47:30.894+0000 INFO  [o.n.k.i.DiagnosticsManager]: Committed virtual memory: 6.72 GB
2015-05-02 14:47:30.894+0000 INFO  [o.n.k.i.DiagnosticsManager]: Total swap space: 1.00 GB
2015-05-02 14:47:30.894+0000 INFO  [o.n.k.i.DiagnosticsManager]: Free swap space: 1023.00 MB
2015-05-02 14:47:30.895+0000 INFO  [o.n.k.i.DiagnosticsManager]: JVM memory information:
2015-05-02 14:47:30.895+0000 INFO  [o.n.k.i.DiagnosticsManager]: Free  memory: 186.35 MB
2015-05-02 14:47:30.895+0000 INFO  [o.n.k.i.DiagnosticsManager]: Total memory: 247.50 MB
2015-05-02 14:47:30.895+0000 INFO  [o.n.k.i.DiagnosticsManager]: Max   memory: 3.94 GB
2015-05-02 14:47:30.897+0000 INFO  [o.n.k.i.DiagnosticsManager]: Garbage Collector: ParNew: [Par Eden Space, Par Survivor Space]
2015-05-02 14:47:30.897+0000 INFO  [o.n.k.i.DiagnosticsManager]: Garbage Collector: ConcurrentMarkSweep: [Par Eden Space, Par Survivor Space, CMS Old Gen, CMS Perm Gen]
2015-05-02 14:47:30.898+0000 INFO  [o.n.k.i.DiagnosticsManager]: Memory Pool: Code Cache (Non-heap memory): committed=2.44 MB, used=770.00 kB, max=48.00 MB, threshold=0.00 B
2015-05-02 14:47:30.899+0000 INFO  [o.n.k.i.DiagnosticsManager]: Memory Pool: Par Eden Space (Heap memory): committed=68.31 MB, used=61.15 MB, max=532.56 MB, threshold=?
2015-05-02 14:47:30.899+0000 INFO  [o.n.k.i.DiagnosticsManager]: Memory Pool: Par Survivor Space (Heap memory): committed=8.50 MB, used=0.00 B, max=66.50 MB, threshold=?
2015-05-02 14:47:30.900+0000 INFO  [o.n.k.i.DiagnosticsManager]: Memory Pool: CMS Old Gen (Heap memory): committed=170.69 MB, used=0.00 B, max=3.35 GB, threshold=0.00 B
2015-05-02 14:47:30.900+0000 INFO  [o.n.k.i.DiagnosticsManager]: Memory Pool: CMS Perm Gen (Non-heap memory): committed=20.75 MB, used=12.66 MB, max=82.00 MB, threshold=0.00 B
2015-05-02 14:47:30.900+0000 INFO  [o.n.k.i.DiagnosticsManager]: Operating system information:
2015-05-02 14:47:30.901+0000 INFO  [o.n.k.i.DiagnosticsManager]: Operating System: Mac OS X; version: 10.10.3; arch: x86_64; cpus: 8
2015-05-02 14:47:30.902+0000 INFO  [o.n.k.i.DiagnosticsManager]: Max number of file descriptors: 10240
2015-05-02 14:47:30.902+0000 INFO  [o.n.k.i.DiagnosticsManager]: Number of open file descriptors: 85
2015-05-02 14:47:30.903+0000 INFO  [o.n.k.i.DiagnosticsManager]: Process id: 3494@Mathews-MacBook-Pro.local
2015-05-02 14:47:30.903+0000 INFO  [o.n.k.i.DiagnosticsManager]: Byte order: LITTLE_ENDIAN
2015-05-02 14:47:30.903+0000 INFO  [o.n.k.i.DiagnosticsManager]: Local timezone: Australia/Melbourne
2015-05-02 14:47:30.903+0000 INFO  [o.n.k.i.DiagnosticsManager]: JVM information:
2015-05-02 14:47:30.903+0000 INFO  [o.n.k.i.DiagnosticsManager]: VM Name: Java HotSpot(TM) 64-Bit Server VM
2015-05-02 14:47:30.903+0000 INFO  [o.n.k.i.DiagnosticsManager]: VM Vendor: Oracle Corporation
2015-05-02 14:47:30.903+0000 INFO  [o.n.k.i.DiagnosticsManager]: VM Version: 24.79-b02
2015-05-02 14:47:30.903+0000 INFO  [o.n.k.i.DiagnosticsManager]: JIT compiler: HotSpot 64-Bit Tiered Compilers
2015-05-02 14:47:30.904+0000 INFO  [o.n.k.i.DiagnosticsManager]: VM Arguments: [-XX:+DisableExplicitGC, -Dorg.neo4j.server.properties=conf/neo4j-server.properties, -Djava.util.logging.config.file=conf/logging.properties, -Dlog4j.configuration=file:conf/log4j.properties, -XX:+UseConcMarkSweepGC, -XX:+CMSClassUnloadingEnabled, -XX:-OmitStackTraceInFastThrow, -Dneo4j.home=/Users/Mat/Dropbox/University/Masters/COMP90024/Assessment/Assignment Two/COMP90024-Twitter-Project/GraphAPI/db/neo4j/development, -Dneo4j.instance=/Users/Mat/Dropbox/University/Masters/COMP90024/Assessment/Assignment Two/COMP90024-Twitter-Project/GraphAPI/db/neo4j/development, -Dfile.encoding=UTF-8]
2015-05-02 14:47:30.904+0000 INFO  [o.n.k.i.DiagnosticsManager]: Java classpath:
2015-05-02 14:47:30.915+0000 INFO  [o.n.k.i.DiagnosticsManager]:  [loader.0] file:/Users/Mat/Dropbox/University/Masters/COMP90024/Assessment/Assignment%20Two/COMP90024-Twitter-Project/GraphAPI/db/neo4j/development/system/lib/jetty-io-9.2.1.v20140609.jar
2015-05-02 14:47:30.915+0000 INFO  [o.n.k.i.DiagnosticsManager]:  [loader.0] file:/Users/Mat/Dropbox/University/Masters/COMP90024/Assessment/Assignment%20Two/COMP90024-Twitter-Project/GraphAPI/db/neo4j/development/lib/org.apache.servicemix.bundles.jline-0.9.94_1.jar
2015-05-02 14:47:30.916+0000 INFO  [o.n.k.i.DiagnosticsManager]:  [loader.0] file:/Users/Mat/Dropbox/University/Masters/COMP90024/Assessment/Assignment%20Two/COMP90024-Twitter-Project/GraphAPI/db/neo4j/development/system/lib/commons-compiler-2.6.1.jar
2015-05-02 14:47:30.916+0000 INFO  [o.n.k.i.DiagnosticsManager]:  [loader.0] file:/Users/Mat/Dropbox/University/Masters/COMP90024/Assessment/Assignment%20Two/COMP90024-Twitter-Project/GraphAPI/db/neo4j/development/system/lib/neo4j-server-2.2.0-M02.jar
2015-05-02 14:47:30.916+0000 INFO  [o.n.k.i.DiagnosticsManager]:  [loader.0] file:/Users/Mat/Dropbox/University/Masters/COMP90024/Assessment/Assignment%20Two/COMP90024-Twitter-Project/GraphAPI/db/neo4j/development/lib/neo4j-cypher-compiler-2.0-2.0.4.jar
2015-05-02 14:47:30.916+0000 INFO  [o.n.k.i.DiagnosticsManager]:  [loader.0] file:/Users/Mat/Dropbox/University/Masters/COMP90024/Assessment/Assignment%20Two/COMP90024-Twitter-Project/GraphAPI/db/neo4j/development/lib/parboiled-core-1.1.6.jar
2015-05-02 14:47:30.916+0000 INFO  [o.n.k.i.DiagnosticsManager]:  [loader.1] file:/System/Library/Java/Extensions/vecmath.jar
2015-05-02 14:47:30.916+0000 INFO  [o.n.k.i.DiagnosticsManager]:  [classpath] /Users/Mat/Dropbox/University/Masters/COMP90024/Assessment/Assignment Two/COMP90024-Twitter-Project/GraphAPI/db/neo4j/development/lib/neo4j-csv-2.2.0-M02.jar
2015-05-02 14:47:30.916+0000 INFO  [o.n.k.i.DiagnosticsManager]:  [loader.0] file:/Users/Mat/Dropbox/University/Masters/COMP90024/Assessment/Assignment%20Two/COMP90024-Twitter-Project/GraphAPI/db/neo4j/development/lib/neo4j-csv-2.2.0-M02.jar
2015-05-02 14:47:30.916+0000 INFO  [o.n.k.i.DiagnosticsManager]:  [bootstrap] /Library/Java/JavaVirtualMachines/jdk1.7.0_79.jdk/Contents/Home/jre/lib/jce.jar
2015-05-02 14:47:30.916+0000 INFO  [o.n.k.i.DiagnosticsManager]:  [loader.0] file:/Users/Mat/Dropbox/University/Masters/COMP90024/Assessment/Assignment%20Two/COMP90024-Twitter-Project/GraphAPI/db/neo4j/development/lib/concurrentlinkedhashmap-lru-1.4.jar
2015-05-02 14:47:30.916+0000 INFO  [o.n.k.i.DiagnosticsManager]:  [classpath] /Users/Mat/Dropbox/University/Masters/COMP90024/Assessment/Assignment Two/COMP90024-Twitter-Project/GraphAPI/db/neo4j/development/lib/neo4j-graph-algo-2.2.0-M02.jar
2015-05-02 14:47:30.916+0000 INFO  [o.n.k.i.DiagnosticsManager]:  [classpath] /Users/Mat/Dropbox/University/Masters/COMP90024/Assessment/Assignment Two/COMP90024-Twitter-Project/GraphAPI/db/neo4j/development/lib/neo4j-primitive-collections-2.2.0-M02.jar
2015-05-02 14:47:30.916+0000 INFO  [o.n.k.i.DiagnosticsManager]:  [classpath] /Users/Mat/Dropbox/University/Masters/COMP90024/Assessment/Assignment Two/COMP90024-Twitter-Project/GraphAPI/db/neo4j/development/lib/neo4j-kernel-2.2.0-M02.jar
2015-05-02 14:47:30.916+0000 INFO  [o.n.k.i.DiagnosticsManager]:  [classpath] /Users/Mat/Dropbox/University/Masters/COMP90024/Assessment/Assignment Two/COMP90024-Twitter-Project/GraphAPI/db/neo4j/development/system/lib/logback-core-1.1.2.jar
2015-05-02 14:47:30.916+0000 INFO  [o.n.k.i.DiagnosticsManager]:  [loader.1] file:/Library/Java/JavaVirtualMachines/jdk1.7.0_79.jdk/Contents/Home/jre/lib/ext/zipfs.jar
2015-05-02 14:47:30.916+0000 INFO  [o.n.k.i.DiagnosticsManager]:  [loader.1] file:/System/Library/Java/Extensions/libJ3D.jnilib
2015-05-02 14:47:30.916+0000 INFO  [o.n.k.i.DiagnosticsManager]:  [loader.0] file:/Users/Mat/Dropbox/University/Masters/COMP90024/Assessment/Assignment%20Two/COMP90024-Twitter-Project/GraphAPI/db/neo4j/development/system/lib/jsr311-api-1.1.2.r612.jar
2015-05-02 14:47:30.916+0000 INFO  [o.n.k.i.DiagnosticsManager]:  [loader.0] file:/Users/Mat/Dropbox/University/Masters/COMP90024/Assessment/Assignment%20Two/COMP90024-Twitter-Project/GraphAPI/db/neo4j/development/lib/neo4j-primitive-collections-2.2.0-M02.jar
2015-05-02 14:47:30.916+0000 INFO  [o.n.k.i.DiagnosticsManager]:  [loader.0] file:/Users/Mat/Dropbox/University/Masters/COMP90024/Assessment/Assignment%20Two/COMP90024-Twitter-Project/GraphAPI/db/neo4j/development/lib/opencsv-2.3.jar
2015-05-02 14:47:30.916+0000 INFO  [o.n.k.i.DiagnosticsManager]:  [classpath] /Users/Mat/Dropbox/University/Masters/COMP90024/Assessment/Assignment Two/COMP90024-Twitter-Project/GraphAPI/db/neo4j/development/system/lib/jetty-servlet-9.2.1.v20140609.jar
2015-05-02 14:47:30.916+0000 INFO  [o.n.k.i.DiagnosticsManager]:  [loader.0] file:/Users/Mat/Dropbox/University/Masters/COMP90024/Assessment/Assignment%20Two/COMP90024-Twitter-Project/GraphAPI/db/neo4j/development/lib/neo4j-shell-2.2.0-M02.jar
2015-05-02 14:47:30.916+0000 INFO  [o.n.k.i.DiagnosticsManager]:  [loader.0] file:/Users/Mat/Dropbox/University/Masters/COMP90024/Assessment/Assignment%20Two/COMP90024-Twitter-Project/GraphAPI/db/neo4j/development/lib/neo4j-cypher-compiler-1.9-2.0.4.jar
2015-05-02 14:47:30.916+0000 INFO  [o.n.k.i.DiagnosticsManager]:  [loader.0] file:/Users/Mat/Dropbox/University/Masters/COMP90024/Assessment/Assignment%20Two/COMP90024-Twitter-Project/GraphAPI/db/neo4j/development/system/lib/slf4j-api-1.7.7.jar
2015-05-02 14:47:30.916+0000 INFO  [o.n.k.i.DiagnosticsManager]:  [bootstrap] /Library/Java/JavaVirtualMachines/jdk1.7.0_79.jdk/Contents/Home/jre/classes
2015-05-02 14:47:30.916+0000 INFO  [o.n.k.i.DiagnosticsManager]:  [classpath] /Users/Mat/Dropbox/University/Masters/COMP90024/Assessment/Assignment Two/COMP90024-Twitter-Project/GraphAPI/db/neo4j/development/lib/scala-library-2.10.4.jar
2015-05-02 14:47:30.916+0000 INFO  [o.n.k.i.DiagnosticsManager]:  [loader.1] file:/System/Library/Java/Extensions/j3daudio.jar
2015-05-02 14:47:30.917+0000 INFO  [o.n.k.i.DiagnosticsManager]:  [loader.1] file:/Library/Java/JavaVirtualMachines/jdk1.7.0_79.jdk/Contents/Home/jre/lib/ext/sunec.jar
2015-05-02 14:47:30.917+0000 INFO  [o.n.k.i.DiagnosticsManager]:  [classpath] /Users/Mat/Dropbox/University/Masters/COMP90024/Assessment/Assignment Two/COMP90024-Twitter-Project/GraphAPI/db/neo4j/development/system/lib/commons-logging-1.1.1.jar
2015-05-02 14:47:30.917+0000 INFO  [o.n.k.i.DiagnosticsManager]:  [loader.0] file:/Users/Mat/Dropbox/University/Masters/COMP90024/Assessment/Assignment%20Two/COMP90024-Twitter-Project/GraphAPI/db/neo4j/development/system/lib/janino-2.6.1.jar
2015-05-02 14:47:30.917+0000 INFO  [o.n.k.i.DiagnosticsManager]:  [classpath] /Users/Mat/Dropbox/University/Masters/COMP90024/Assessment/Assignment Two/COMP90024-Twitter-Project/GraphAPI/db/neo4j/development/system/lib/jackson-jaxrs-1.9.13.jar
2015-05-02 14:47:30.917+0000 INFO  [o.n.k.i.DiagnosticsManager]:  [loader.1] file:/System/Library/Java/Extensions/j3dcore.jar
2015-05-02 14:47:30.917+0000 INFO  [o.n.k.i.DiagnosticsManager]:  [loader.0] file:/Users/Mat/Dropbox/University/Masters/COMP90024/Assessment/Assignment%20Two/COMP90024-Twitter-Project/GraphAPI/db/neo4j/development/system/lib/jackson-jaxrs-1.9.13.jar
2015-05-02 14:47:30.917+0000 INFO  [o.n.k.i.DiagnosticsManager]:  [loader.1] file:/usr/lib/java/libjdns_sd.jnilib
2015-05-02 14:47:30.917+0000 INFO  [o.n.k.i.DiagnosticsManager]:  [loader.1] file:/Library/Java/JavaVirtualMachines/jdk1.7.0_79.jdk/Contents/Home/jre/lib/ext/dnsns.jar
2015-05-02 14:47:30.917+0000 INFO  [o.n.k.i.DiagnosticsManager]:  [classpath] /Users/Mat/Dropbox/University/Masters/COMP90024/Assessment/Assignment Two/COMP90024-Twitter-Project/GraphAPI/db/neo4j/development/system/lib/rrd4j-2.2.jar
2015-05-02 14:47:30.917+0000 INFO  [o.n.k.i.DiagnosticsManager]:  [bootstrap] /Library/Java/JavaVirtualMachines/jdk1.7.0_79.jdk/Contents/Home/jre/lib/jsse.jar
2015-05-02 14:47:30.917+0000 INFO  [o.n.k.i.DiagnosticsManager]:  [loader.0] file:/Users/Mat/Dropbox/University/Masters/COMP90024/Assessment/Assignment%20Two/COMP90024-Twitter-Project/GraphAPI/db/neo4j/development/lib/neo4j-graph-algo-2.2.0-M02.jar
2015-05-02 14:47:30.917+0000 INFO  [o.n.k.i.DiagnosticsManager]:  [bootstrap] /Library/Java/JavaVirtualMachines/jdk1.7.0_79.jdk/Contents/Home/jre/lib/resources.jar
2015-05-02 14:47:30.917+0000 INFO  [o.n.k.i.DiagnosticsManager]:  [classpath] /Users/Mat/Dropbox/University/Masters/COMP90024/Assessment/Assignment Two/COMP90024-Twitter-Project/GraphAPI/db/neo4j/development/lib/concurrentlinkedhashmap-lru-1.4.jar
2015-05-02 14:47:30.917+0000 INFO  [o.n.k.i.DiagnosticsManager]:  [loader.1] file:/System/Library/Java/Extensions/jai_core.jar
2015-05-02 14:47:30.917+0000 INFO  [o.n.k.i.DiagnosticsManager]:  [classpath] /Users/Mat/Dropbox/University/Masters/COMP90024/Assessment/Assignment Two/COMP90024-Twitter-Project/GraphAPI/db/neo4j/development/lib/neo4j-cypher-compiler-1.9-2.0.4.jar
2015-05-02 14:47:30.917+0000 INFO  [o.n.k.i.DiagnosticsManager]:  [classpath] /Users/Mat/Dropbox/University/Masters/COMP90024/Assessment/Assignment Two/COMP90024-Twitter-Project/GraphAPI/db/neo4j/development/system/lib/neo4j-server-2.2.0-M02-static-web.jar
2015-05-02 14:47:30.917+0000 INFO  [o.n.k.i.DiagnosticsManager]:  [classpath] /Users/Mat/Dropbox/University/Masters/COMP90024/Assessment/Assignment Two/COMP90024-Twitter-Project/GraphAPI/db/neo4j/development/lib/neo4j-lucene-index-2.2.0-M02.jar
2015-05-02 14:47:30.917+0000 INFO  [o.n.k.i.DiagnosticsManager]:  [classpath] /Users/Mat/Dropbox/University/Masters/COMP90024/Assessment/Assignment Two/COMP90024-Twitter-Project/GraphAPI/db/neo4j/development/lib/neo4j-import-tool-2.2.0-M02.jar
2015-05-02 14:47:30.917+0000 INFO  [o.n.k.i.DiagnosticsManager]:  [classpath] /Users/Mat/Dropbox/University/Masters/COMP90024/Assessment/Assignment Two/COMP90024-Twitter-Project/GraphAPI/db/neo4j/development/system/lib/jersey-server-1.18.1.jar
2015-05-02 14:47:30.917+0000 INFO  [o.n.k.i.DiagnosticsManager]:  [classpath] /Users/Mat/Dropbox/University/Masters/COMP90024/Assessment/Assignment Two/COMP90024-Twitter-Project/GraphAPI/db/neo4j/development/system/lib/slf4j-api-1.7.7.jar
2015-05-02 14:47:30.917+0000 INFO  [o.n.k.i.DiagnosticsManager]:  [loader.0] file:/Users/Mat/Dropbox/University/Masters/COMP90024/Assessment/Assignment%20Two/COMP90024-Twitter-Project/GraphAPI/db/neo4j/development/lib/parboiled-scala_2.10-1.1.6.jar
2015-05-02 14:47:30.917+0000 INFO  [o.n.k.i.DiagnosticsManager]:  [classpath] /Users/Mat/Dropbox/University/Masters/COMP90024/Assessment/Assignment Two/COMP90024-Twitter-Project/GraphAPI/db/neo4j/development/lib/parboiled-core-1.1.6.jar
2015-05-02 14:47:30.917+0000 INFO  [o.n.k.i.DiagnosticsManager]:  [classpath] /Users/Mat/Dropbox/University/Masters/COMP90024/Assessment/Assignment Two/COMP90024-Twitter-Project/GraphAPI/db/neo4j/development/lib/neo4j-shell-2.2.0-M02.jar
2015-05-02 14:47:30.918+0000 INFO  [o.n.k.i.DiagnosticsManager]:  [loader.0] file:/Users/Mat/Dropbox/University/Masters/COMP90024/Assessment/Assignment%20Two/COMP90024-Twitter-Project/GraphAPI/db/neo4j/development/conf/
2015-05-02 14:47:30.918+0000 INFO  [o.n.k.i.DiagnosticsManager]:  [loader.0] file:/Users/Mat/Dropbox/University/Masters/COMP90024/Assessment/Assignment%20Two/COMP90024-Twitter-Project/GraphAPI/db/neo4j/development/system/lib/rrd4j-2.2.jar
2015-05-02 14:47:30.918+0000 INFO  [o.n.k.i.DiagnosticsManager]:  [loader.0] file:/Users/Mat/Dropbox/University/Masters/COMP90024/Assessment/Assignment%20Two/COMP90024-Twitter-Project/GraphAPI/db/neo4j/development/lib/neo4j-kernel-2.2.0-M02.jar
2015-05-02 14:47:30.918+0000 INFO  [o.n.k.i.DiagnosticsManager]:  [loader.0] file:/Users/Mat/Dropbox/University/Masters/COMP90024/Assessment/Assignment%20Two/COMP90024-Twitter-Project/GraphAPI/db/neo4j/development/lib/neo4j-graph-matching-2.2.0-M02.jar
2015-05-02 14:47:30.918+0000 INFO  [o.n.k.i.DiagnosticsManager]:  [classpath] /Users/Mat/Dropbox/University/Masters/COMP90024/Assessment/Assignment Two/COMP90024-Twitter-Project/GraphAPI/db/neo4j/development/system/lib/jetty-io-9.2.1.v20140609.jar
2015-05-02 14:47:30.918+0000 INFO  [o.n.k.i.DiagnosticsManager]:  [loader.0] file:/Users/Mat/Dropbox/University/Masters/COMP90024/Assessment/Assignment%20Two/COMP90024-Twitter-Project/GraphAPI/db/neo4j/development/system/lib/commons-io-2.4.jar
2015-05-02 14:47:30.918+0000 INFO  [o.n.k.i.DiagnosticsManager]:  [loader.0] file:/Users/Mat/Dropbox/University/Masters/COMP90024/Assessment/Assignment%20Two/COMP90024-Twitter-Project/GraphAPI/db/neo4j/development/system/lib/javax.servlet-api-3.1.0.jar
2015-05-02 14:47:30.918+0000 INFO  [o.n.k.i.DiagnosticsManager]:  [classpath] /Users/Mat/Dropbox/University/Masters/COMP90024/Assessment/Assignment Two/COMP90024-Twitter-Project/GraphAPI/db/neo4j/development/system/lib/mimepull-1.9.3.jar
2015-05-02 14:47:30.918+0000 INFO  [o.n.k.i.DiagnosticsManager]:  [loader.0] file:/Users/Mat/Dropbox/University/Masters/COMP90024/Assessment/Assignment%20Two/COMP90024-Twitter-Project/GraphAPI/db/neo4j/development/lib/neo4j-cypher-2.2.0-M02.jar
2015-05-02 14:47:30.918+0000 INFO  [o.n.k.i.DiagnosticsManager]:  [classpath] /Users/Mat/Dropbox/University/Masters/COMP90024/Assessment/Assignment Two/COMP90024-Twitter-Project/GraphAPI/db/neo4j/development/lib/neo4j-io-2.2.0-M02.jar
2015-05-02 14:47:30.918+0000 INFO  [o.n.k.i.DiagnosticsManager]:  [loader.0] file:/Users/Mat/Dropbox/University/Masters/COMP90024/Assessment/Assignment%20Two/COMP90024-Twitter-Project/GraphAPI/db/neo4j/development/lib/neo4j-io-2.2.0-M02.jar
2015-05-02 14:47:30.918+0000 INFO  [o.n.k.i.DiagnosticsManager]:  [classpath] /Users/Mat/Dropbox/University/Masters/COMP90024/Assessment/Assignment Two/COMP90024-Twitter-Project/GraphAPI/db/neo4j/development/system/lib/commons-compiler-2.6.1.jar
2015-05-02 14:47:30.918+0000 INFO  [o.n.k.i.DiagnosticsManager]:  [loader.0] file:/Users/Mat/Dropbox/University/Masters/COMP90024/Assessment/Assignment%20Two/COMP90024-Twitter-Project/GraphAPI/db/neo4j/development/system/lib/jersey-core-1.18.1.jar
2015-05-02 14:47:30.918+0000 INFO  [o.n.k.i.DiagnosticsManager]:  [classpath] /Users/Mat/Dropbox/University/Masters/COMP90024/Assessment/Assignment Two/COMP90024-Twitter-Project/GraphAPI/db/neo4j/development/lib/neo4j-graph-matching-2.2.0-M02.jar
2015-05-02 14:47:30.918+0000 INFO  [o.n.k.i.DiagnosticsManager]:  [classpath] /Users/Mat/Dropbox/University/Masters/COMP90024/Assessment/Assignment Two/COMP90024-Twitter-Project/GraphAPI/db/neo4j/development/lib/neo4j-jmx-2.2.0-M02.jar
2015-05-02 14:47:30.918+0000 INFO  [o.n.k.i.DiagnosticsManager]:  [classpath] /Users/Mat/Dropbox/University/Masters/COMP90024/Assessment/Assignment Two/COMP90024-Twitter-Project/GraphAPI/db/neo4j/development/system/lib/jersey-multipart-1.18.1.jar
2015-05-02 14:47:30.918+0000 INFO  [o.n.k.i.DiagnosticsManager]:  [loader.0] file:/Users/Mat/Dropbox/University/Masters/COMP90024/Assessment/Assignment%20Two/COMP90024-Twitter-Project/GraphAPI/db/neo4j/development/system/lib/commons-lang-2.6.jar
2015-05-02 14:47:30.918+0000 INFO  [o.n.k.i.DiagnosticsManager]:  [loader.0] file:/Users/Mat/Dropbox/University/Masters/COMP90024/Assessment/Assignment%20Two/COMP90024-Twitter-Project/GraphAPI/db/neo4j/development/lib/neo4j-lucene-index-2.2.0-M02.jar
2015-05-02 14:47:30.918+0000 INFO  [o.n.k.i.DiagnosticsManager]:  [loader.1] file:/System/Library/Java/Extensions/AppleScriptEngine.jar
2015-05-02 14:47:30.918+0000 INFO  [o.n.k.i.DiagnosticsManager]:  [bootstrap] /Library/Java/JavaVirtualMachines/jdk1.7.0_79.jdk/Contents/Home/jre/lib/sunrsasign.jar
2015-05-02 14:47:30.918+0000 INFO  [o.n.k.i.DiagnosticsManager]:  [classpath] /Users/Mat/Dropbox/University/Masters/COMP90024/Assessment/Assignment Two/COMP90024-Twitter-Project/GraphAPI/db/neo4j/development/lib/neo4j-cypher-compiler-2.0-2.0.4.jar
2015-05-02 14:47:30.918+0000 INFO  [o.n.k.i.DiagnosticsManager]:  [classpath] /Users/Mat/Dropbox/University/Masters/COMP90024/Assessment/Assignment Two/COMP90024-Twitter-Project/GraphAPI/db/neo4j/development/system/lib/janino-2.6.1.jar
2015-05-02 14:47:30.918+0000 INFO  [o.n.k.i.DiagnosticsManager]:  [loader.1] file:/Library/Java/JavaVirtualMachines/jdk1.7.0_79.jdk/Contents/Home/jre/lib/ext/localedata.jar
2015-05-02 14:47:30.918+0000 INFO  [o.n.k.i.DiagnosticsManager]:  [classpath] /Users/Mat/Dropbox/University/Masters/COMP90024/Assessment/Assignment Two/COMP90024-Twitter-Project/GraphAPI/db/neo4j/development/system/lib/logback-classic-1.1.2.jar
2015-05-02 14:47:30.918+0000 INFO  [o.n.k.i.DiagnosticsManager]:  [loader.0] file:/Users/Mat/Dropbox/University/Masters/COMP90024/Assessment/Assignment%20Two/COMP90024-Twitter-Project/GraphAPI/db/neo4j/development/system/lib/jersey-server-1.18.1.jar
2015-05-02 14:47:30.919+0000 INFO  [o.n.k.i.DiagnosticsManager]:  [classpath] /Users/Mat/Dropbox/University/Masters/COMP90024/Assessment/Assignment Two/COMP90024-Twitter-Project/GraphAPI/db/neo4j/development/lib/opencsv-2.3.jar
2015-05-02 14:47:30.919+0000 INFO  [o.n.k.i.DiagnosticsManager]:  [loader.0] file:/Users/Mat/Dropbox/University/Masters/COMP90024/Assessment/Assignment%20Two/COMP90024-Twitter-Project/GraphAPI/db/neo4j/development/system/lib/mimepull-1.9.3.jar
2015-05-02 14:47:30.919+0000 INFO  [o.n.k.i.DiagnosticsManager]:  [classpath] /Users/Mat/Dropbox/University/Masters/COMP90024/Assessment/Assignment Two/COMP90024-Twitter-Project/GraphAPI/db/neo4j/development/system/lib/jersey-core-1.18.1.jar
2015-05-02 14:47:30.919+0000 INFO  [o.n.k.i.DiagnosticsManager]:  [loader.0] file:/Users/Mat/Dropbox/University/Masters/COMP90024/Assessment/Assignment%20Two/COMP90024-Twitter-Project/GraphAPI/db/neo4j/development/system/lib/jetty-server-9.2.1.v20140609.jar
2015-05-02 14:47:30.919+0000 INFO  [o.n.k.i.DiagnosticsManager]:  [classpath] /Users/Mat/Dropbox/University/Masters/COMP90024/Assessment/Assignment Two/COMP90024-Twitter-Project/GraphAPI/db/neo4j/development/lib/parboiled-scala_2.10-1.1.6.jar
2015-05-02 14:47:30.919+0000 INFO  [o.n.k.i.DiagnosticsManager]:  [loader.1] file:/System/Library/Java/Extensions/dns_sd.jar
2015-05-02 14:47:30.919+0000 INFO  [o.n.k.i.DiagnosticsManager]:  [loader.0] file:/Users/Mat/Dropbox/University/Masters/COMP90024/Assessment/Assignment%20Two/COMP90024-Twitter-Project/GraphAPI/db/neo4j/development/system/lib/logback-classic-1.1.2.jar
2015-05-02 14:47:30.919+0000 INFO  [o.n.k.i.DiagnosticsManager]:  [loader.0] file:/Users/Mat/Dropbox/University/Masters/COMP90024/Assessment/Assignment%20Two/COMP90024-Twitter-Project/GraphAPI/db/neo4j/development/system/lib/bcprov-jdk16-140.jar
2015-05-02 14:47:30.919+0000 INFO  [o.n.k.i.DiagnosticsManager]:  [loader.1] file:/System/Library/Java/Extensions/MRJToolkit.jar
2015-05-02 14:47:30.919+0000 INFO  [o.n.k.i.DiagnosticsManager]:  [loader.0] file:/Users/Mat/Dropbox/University/Masters/COMP90024/Assessment/Assignment%20Two/COMP90024-Twitter-Project/GraphAPI/db/neo4j/development/system/lib/jcl-over-slf4j-1.7.7.jar
2015-05-02 14:47:30.919+0000 INFO  [o.n.k.i.DiagnosticsManager]:  [classpath] /Users/Mat/Dropbox/University/Masters/COMP90024/Assessment/Assignment Two/COMP90024-Twitter-Project/GraphAPI/db/neo4j/development/system/lib/scala-reflect-2.10.4.jar
2015-05-02 14:47:30.919+0000 INFO  [o.n.k.i.DiagnosticsManager]:  [classpath] /Users/Mat/Dropbox/University/Masters/COMP90024/Assessment/Assignment Two/COMP90024-Twitter-Project/GraphAPI/db/neo4j/development/system/lib/commons-digester-2.1.jar
2015-05-02 14:47:30.919+0000 INFO  [o.n.k.i.DiagnosticsManager]:  [classpath] /Users/Mat/Dropbox/University/Masters/COMP90024/Assessment/Assignment Two/COMP90024-Twitter-Project/GraphAPI/db/neo4j/development/system/lib/jackson-core-asl-1.9.13.jar
2015-05-02 14:47:30.919+0000 INFO  [o.n.k.i.DiagnosticsManager]:  [loader.1] file:/System/Library/Java/Extensions/libmlib_jai.jnilib
2015-05-02 14:47:30.919+0000 INFO  [o.n.k.i.DiagnosticsManager]:  [loader.0] file:/Users/Mat/Dropbox/University/Masters/COMP90024/Assessment/Assignment%20Two/COMP90024-Twitter-Project/GraphAPI/db/neo4j/development/system/lib/commons-configuration-1.10.jar
2015-05-02 14:47:30.919+0000 INFO  [o.n.k.i.DiagnosticsManager]:  [classpath] /Users/Mat/Dropbox/University/Masters/COMP90024/Assessment/Assignment Two/COMP90024-Twitter-Project/GraphAPI/db/neo4j/development/system/lib/jetty-xml-9.2.1.v20140609.jar
2015-05-02 14:47:30.919+0000 INFO  [o.n.k.i.DiagnosticsManager]:  [loader.0] file:/Users/Mat/Dropbox/University/Masters/COMP90024/Assessment/Assignment%20Two/COMP90024-Twitter-Project/GraphAPI/db/neo4j/development/system/lib/scala-reflect-2.10.4.jar
2015-05-02 14:47:30.919+0000 INFO  [o.n.k.i.DiagnosticsManager]:  [loader.0] file:/Users/Mat/Dropbox/University/Masters/COMP90024/Assessment/Assignment%20Two/COMP90024-Twitter-Project/GraphAPI/db/neo4j/development/lib/neo4j-import-tool-2.2.0-M02.jar
2015-05-02 14:47:30.919+0000 INFO  [o.n.k.i.DiagnosticsManager]:  [loader.0] file:/Users/Mat/Dropbox/University/Masters/COMP90024/Assessment/Assignment%20Two/COMP90024-Twitter-Project/GraphAPI/db/neo4j/development/lib/neo4j-consistency-check-2.2.0-M02.jar
2015-05-02 14:47:30.919+0000 INFO  [o.n.k.i.DiagnosticsManager]:  [loader.0] file:/Users/Mat/Dropbox/University/Masters/COMP90024/Assessment/Assignment%20Two/COMP90024-Twitter-Project/GraphAPI/db/neo4j/development/system/lib/commons-logging-1.1.1.jar
2015-05-02 14:47:30.919+0000 INFO  [o.n.k.i.DiagnosticsManager]:  [loader.0] file:/Users/Mat/Dropbox/University/Masters/COMP90024/Assessment/Assignment%20Two/COMP90024-Twitter-Project/GraphAPI/db/neo4j/development/lib/neo4j-udc-2.2.0-M02.jar
2015-05-02 14:47:30.919+0000 INFO  [o.n.k.i.DiagnosticsManager]:  [loader.0] file:/Users/Mat/Dropbox/University/Masters/COMP90024/Assessment/Assignment%20Two/COMP90024-Twitter-Project/GraphAPI/db/neo4j/development/lib/lucene-core-3.6.2.jar
2015-05-02 14:47:30.919+0000 INFO  [o.n.k.i.DiagnosticsManager]:  [loader.0] file:/Users/Mat/Dropbox/University/Masters/COMP90024/Assessment/Assignment%20Two/COMP90024-Twitter-Project/GraphAPI/db/neo4j/development/lib/neo4j-cypher-compiler-2.2-2.2.0-M02.jar
2015-05-02 14:47:30.919+0000 INFO  [o.n.k.i.DiagnosticsManager]:  [loader.1] file:/System/Library/Java/Extensions/mlibwrapper_jai.jar
2015-05-02 14:47:30.920+0000 INFO  [o.n.k.i.DiagnosticsManager]:  [classpath] /Users/Mat/Dropbox/University/Masters/COMP90024/Assessment/Assignment Two/COMP90024-Twitter-Project/GraphAPI/db/neo4j/development/lib/lucene-core-3.6.2.jar
2015-05-02 14:47:30.920+0000 INFO  [o.n.k.i.DiagnosticsManager]:  [loader.0] file:/Users/Mat/Dropbox/University/Masters/COMP90024/Assessment/Assignment%20Two/COMP90024-Twitter-Project/GraphAPI/db/neo4j/development/system/lib/neo4j-server-2.2.0-M02-static-web.jar
2015-05-02 14:47:30.920+0000 INFO  [o.n.k.i.DiagnosticsManager]:  [loader.0] file:/Users/Mat/Dropbox/University/Masters/COMP90024/Assessment/Assignment%20Two/COMP90024-Twitter-Project/GraphAPI/db/neo4j/development/system/lib/commons-digester-2.1.jar
2015-05-02 14:47:30.920+0000 INFO  [o.n.k.i.DiagnosticsManager]:  [classpath] /Users/Mat/Dropbox/University/Masters/COMP90024/Assessment/Assignment Two/COMP90024-Twitter-Project/GraphAPI/db/neo4j/development/lib/org.apache.servicemix.bundles.jline-0.9.94_1.jar
2015-05-02 14:47:30.920+0000 INFO  [o.n.k.i.DiagnosticsManager]:  [loader.0] file:/Users/Mat/Dropbox/University/Masters/COMP90024/Assessment/Assignment%20Two/COMP90024-Twitter-Project/GraphAPI/db/neo4j/development/system/lib/commons-beanutils-1.8.3.jar
2015-05-02 14:47:30.920+0000 INFO  [o.n.k.i.DiagnosticsManager]:  [loader.0] file:/Users/Mat/Dropbox/University/Masters/COMP90024/Assessment/Assignment%20Two/COMP90024-Twitter-Project/GraphAPI/db/neo4j/development/system/lib/rhino-1.7R4.jar
2015-05-02 14:47:30.920+0000 INFO  [o.n.k.i.DiagnosticsManager]:  [loader.0] file:/Users/Mat/Dropbox/University/Masters/COMP90024/Assessment/Assignment%20Two/COMP90024-Twitter-Project/GraphAPI/db/neo4j/development/system/lib/jetty-xml-9.2.1.v20140609.jar
2015-05-02 14:47:30.920+0000 INFO  [o.n.k.i.DiagnosticsManager]:  [classpath] /Users/Mat/Dropbox/University/Masters/COMP90024/Assessment/Assignment Two/COMP90024-Twitter-Project/GraphAPI/db/neo4j/development/system/lib/jersey-servlet-1.18.1.jar
2015-05-02 14:47:30.920+0000 INFO  [o.n.k.i.DiagnosticsManager]:  [loader.1] file:/System/Library/Java/Extensions/libJ3DAudio.jnilib
2015-05-02 14:47:30.920+0000 INFO  [o.n.k.i.DiagnosticsManager]:  [loader.1] file:/System/Library/Java/Extensions/libAppleScriptEngine.jnilib
2015-05-02 14:47:30.920+0000 INFO  [o.n.k.i.DiagnosticsManager]:  [classpath] /Users/Mat/Dropbox/University/Masters/COMP90024/Assessment/Assignment Two/COMP90024-Twitter-Project/GraphAPI/db/neo4j/development/system/lib/commons-lang-2.6.jar
2015-05-02 14:47:30.920+0000 INFO  [o.n.k.i.DiagnosticsManager]:  [loader.0] file:/Users/Mat/Dropbox/University/Masters/COMP90024/Assessment/Assignment%20Two/COMP90024-Twitter-Project/GraphAPI/db/neo4j/development/system/lib/jersey-multipart-1.18.1.jar
2015-05-02 14:47:30.920+0000 INFO  [o.n.k.i.DiagnosticsManager]:  [loader.1] file:/System/Library/Java/Extensions/libJ3DUtils.jnilib
2015-05-02 14:47:30.920+0000 INFO  [o.n.k.i.DiagnosticsManager]:  [loader.0] file:/Users/Mat/Dropbox/University/Masters/COMP90024/Assessment/Assignment%20Two/COMP90024-Twitter-Project/GraphAPI/db/neo4j/development/system/lib/jetty-servlet-9.2.1.v20140609.jar
2015-05-02 14:47:30.920+0000 INFO  [o.n.k.i.DiagnosticsManager]:  [classpath] /Users/Mat/Dropbox/University/Masters/COMP90024/Assessment/Assignment Two/COMP90024-Twitter-Project/GraphAPI/db/neo4j/development/system/lib/commons-beanutils-1.8.3.jar
2015-05-02 14:47:30.920+0000 INFO  [o.n.k.i.DiagnosticsManager]:  [loader.0] file:/Users/Mat/Dropbox/University/Masters/COMP90024/Assessment/Assignment%20Two/COMP90024-Twitter-Project/GraphAPI/db/neo4j/development/system/lib/jackson-core-asl-1.9.13.jar
2015-05-02 14:47:30.920+0000 INFO  [o.n.k.i.DiagnosticsManager]:  [classpath] /Users/Mat/Dropbox/University/Masters/COMP90024/Assessment/Assignment Two/COMP90024-Twitter-Project/GraphAPI/db/neo4j/development/lib/neo4j-consistency-check-2.2.0-M02.jar
2015-05-02 14:47:30.920+0000 INFO  [o.n.k.i.DiagnosticsManager]:  [loader.1] file:/Library/Java/JavaVirtualMachines/jdk1.7.0_79.jdk/Contents/Home/jre/lib/ext/sunjce_provider.jar
2015-05-02 14:47:30.920+0000 INFO  [o.n.k.i.DiagnosticsManager]:  [classpath] /Users/Mat/Dropbox/University/Masters/COMP90024/Assessment/Assignment Two/COMP90024-Twitter-Project/GraphAPI/db/neo4j/development/system/lib/bcprov-jdk16-140.jar
2015-05-02 14:47:30.920+0000 INFO  [o.n.k.i.DiagnosticsManager]:  [classpath] /Users/Mat/Dropbox/University/Masters/COMP90024/Assessment/Assignment Two/COMP90024-Twitter-Project/GraphAPI/db/neo4j/development/system/lib/rhino-1.7R4.jar
2015-05-02 14:47:30.920+0000 INFO  [o.n.k.i.DiagnosticsManager]:  [loader.0] file:/Users/Mat/Dropbox/University/Masters/COMP90024/Assessment/Assignment%20Two/COMP90024-Twitter-Project/GraphAPI/db/neo4j/development/system/lib/logback-core-1.1.2.jar
2015-05-02 14:47:30.921+0000 INFO  [o.n.k.i.DiagnosticsManager]:  [loader.1] file:/System/Library/Java/Extensions/j3dutils.jar
2015-05-02 14:47:30.921+0000 INFO  [o.n.k.i.DiagnosticsManager]:  [classpath] /Users/Mat/Dropbox/University/Masters/COMP90024/Assessment/Assignment Two/COMP90024-Twitter-Project/GraphAPI/db/neo4j/development/system/lib/jcl-over-slf4j-1.7.7.jar
2015-05-02 14:47:30.921+0000 INFO  [o.n.k.i.DiagnosticsManager]:  [classpath] /Users/Mat/Dropbox/University/Masters/COMP90024/Assessment/Assignment Two/COMP90024-Twitter-Project/GraphAPI/db/neo4j/development/system/lib/jetty-util-9.2.1.v20140609.jar
2015-05-02 14:47:30.921+0000 INFO  [o.n.k.i.DiagnosticsManager]:  [loader.0] file:/Users/Mat/Dropbox/University/Masters/COMP90024/Assessment/Assignment%20Two/COMP90024-Twitter-Project/GraphAPI/db/neo4j/development/system/lib/neo4j-browser-2.2.0-M02.jar
2015-05-02 14:47:30.921+0000 INFO  [o.n.k.i.DiagnosticsManager]:  [classpath] /Users/Mat/Dropbox/University/Masters/COMP90024/Assessment/Assignment Two/COMP90024-Twitter-Project/GraphAPI/db/neo4j/development/lib/neo4j-udc-2.2.0-M02.jar
2015-05-02 14:47:30.921+0000 INFO  [o.n.k.i.DiagnosticsManager]:  [classpath] /Users/Mat/Dropbox/University/Masters/COMP90024/Assessment/Assignment Two/COMP90024-Twitter-Project/GraphAPI/db/neo4j/development/system/lib/jetty-http-9.2.1.v20140609.jar
2015-05-02 14:47:30.921+0000 INFO  [o.n.k.i.DiagnosticsManager]:  [classpath] /Users/Mat/Dropbox/University/Masters/COMP90024/Assessment/Assignment Two/COMP90024-Twitter-Project/GraphAPI/db/neo4j/development/system/lib/jetty-webapp-9.2.1.v20140609.jar
2015-05-02 14:47:30.921+0000 INFO  [o.n.k.i.DiagnosticsManager]:  [loader.0] file:/Users/Mat/Dropbox/University/Masters/COMP90024/Assessment/Assignment%20Two/COMP90024-Twitter-Project/GraphAPI/db/neo4j/development/system/lib/logback-access-1.1.2.jar
2015-05-02 14:47:30.921+0000 INFO  [o.n.k.i.DiagnosticsManager]:  [loader.0] file:/Users/Mat/Dropbox/University/Masters/COMP90024/Assessment/Assignment%20Two/COMP90024-Twitter-Project/GraphAPI/db/neo4j/development/system/lib/jetty-http-9.2.1.v20140609.jar
2015-05-02 14:47:30.921+0000 INFO  [o.n.k.i.DiagnosticsManager]:  [loader.1] file:/System/Library/Java/Extensions/jai_codec.jar
2015-05-02 14:47:30.921+0000 INFO  [o.n.k.i.DiagnosticsManager]:  [loader.0] file:/Users/Mat/Dropbox/University/Masters/COMP90024/Assessment/Assignment%20Two/COMP90024-Twitter-Project/GraphAPI/db/neo4j/development/system/lib/jetty-util-9.2.1.v20140609.jar
2015-05-02 14:47:30.921+0000 INFO  [o.n.k.i.DiagnosticsManager]:  [classpath] /Users/Mat/Dropbox/University/Masters/COMP90024/Assessment/Assignment Two/COMP90024-Twitter-Project/GraphAPI/db/neo4j/development/system/lib/jetty-security-9.2.1.v20140609.jar
2015-05-02 14:47:30.921+0000 INFO  [o.n.k.i.DiagnosticsManager]:  [classpath] /Users/Mat/Dropbox/University/Masters/COMP90024/Assessment/Assignment Two/COMP90024-Twitter-Project/GraphAPI/db/neo4j/development/system/lib/javax.servlet-api-3.1.0.jar
2015-05-02 14:47:30.921+0000 INFO  [o.n.k.i.DiagnosticsManager]:  [classpath] /Users/Mat/Dropbox/University/Masters/COMP90024/Assessment/Assignment Two/COMP90024-Twitter-Project/GraphAPI/db/neo4j/development/system/lib/jsr311-api-1.1.2.r612.jar
2015-05-02 14:47:30.921+0000 INFO  [o.n.k.i.DiagnosticsManager]:  [classpath] /Users/Mat/Dropbox/University/Masters/COMP90024/Assessment/Assignment Two/COMP90024-Twitter-Project/GraphAPI/db/neo4j/development/lib/server-api-2.2.0-M02.jar
2015-05-02 14:47:30.921+0000 INFO  [o.n.k.i.DiagnosticsManager]:  [classpath] /Users/Mat/Dropbox/University/Masters/COMP90024/Assessment/Assignment Two/COMP90024-Twitter-Project/GraphAPI/db/neo4j/development/lib/neo4j-cypher-compiler-2.1-2.1.6.jar
2015-05-02 14:47:30.921+0000 INFO  [o.n.k.i.DiagnosticsManager]:  [bootstrap] /Library/Java/JavaVirtualMachines/jdk1.7.0_79.jdk/Contents/Home/jre/lib/charsets.jar
2015-05-02 14:47:30.921+0000 INFO  [o.n.k.i.DiagnosticsManager]:  [loader.0] file:/Users/Mat/Dropbox/University/Masters/COMP90024/Assessment/Assignment%20Two/COMP90024-Twitter-Project/GraphAPI/db/neo4j/development/lib/neo4j-cypher-compiler-2.1-2.1.6.jar
2015-05-02 14:47:30.921+0000 INFO  [o.n.k.i.DiagnosticsManager]:  [classpath] /Users/Mat/Dropbox/University/Masters/COMP90024/Assessment/Assignment Two/COMP90024-Twitter-Project/GraphAPI/db/neo4j/development/lib/neo4j-cypher-2.2.0-M02.jar
2015-05-02 14:47:30.921+0000 INFO  [o.n.k.i.DiagnosticsManager]:  [loader.0] file:/Users/Mat/Dropbox/University/Masters/COMP90024/Assessment/Assignment%20Two/COMP90024-Twitter-Project/GraphAPI/db/neo4j/development/system/lib/jersey-servlet-1.18.1.jar
2015-05-02 14:47:30.921+0000 INFO  [o.n.k.i.DiagnosticsManager]:  [classpath] /Users/Mat/Dropbox/University/Masters/COMP90024/Assessment/Assignment Two/COMP90024-Twitter-Project/GraphAPI/db/neo4j/development/system/lib/jackson-mapper-asl-1.9.13.jar
2015-05-02 14:47:30.921+0000 INFO  [o.n.k.i.DiagnosticsManager]:  [classpath] /Users/Mat/Dropbox/University/Masters/COMP90024/Assessment/Assignment Two/COMP90024-Twitter-Project/GraphAPI/db/neo4j/development/system/lib/commons-io-2.4.jar
2015-05-02 14:47:30.921+0000 INFO  [o.n.k.i.DiagnosticsManager]:  [classpath] /Users/Mat/Dropbox/University/Masters/COMP90024/Assessment/Assignment Two/COMP90024-Twitter-Project/GraphAPI/db/neo4j/development/conf
2015-05-02 14:47:30.922+0000 INFO  [o.n.k.i.DiagnosticsManager]:  [classpath] /Users/Mat/Dropbox/University/Masters/COMP90024/Assessment/Assignment Two/COMP90024-Twitter-Project/GraphAPI/db/neo4j/development/system/lib/neo4j-browser-2.2.0-M02.jar
2015-05-02 14:47:30.922+0000 INFO  [o.n.k.i.DiagnosticsManager]:  [classpath] /Users/Mat/Dropbox/University/Masters/COMP90024/Assessment/Assignment Two/COMP90024-Twitter-Project/GraphAPI/db/neo4j/development/system/lib/logback-access-1.1.2.jar
2015-05-02 14:47:30.922+0000 INFO  [o.n.k.i.DiagnosticsManager]:  [loader.0] file:/Users/Mat/Dropbox/University/Masters/COMP90024/Assessment/Assignment%20Two/COMP90024-Twitter-Project/GraphAPI/db/neo4j/development/system/lib/jackson-mapper-asl-1.9.13.jar
2015-05-02 14:47:30.922+0000 INFO  [o.n.k.i.DiagnosticsManager]:  [classpath] /Users/Mat/Dropbox/University/Masters/COMP90024/Assessment/Assignment Two/COMP90024-Twitter-Project/GraphAPI/db/neo4j/development/lib/neo4j-cypher-compiler-2.2-2.2.0-M02.jar
2015-05-02 14:47:30.922+0000 INFO  [o.n.k.i.DiagnosticsManager]:  [classpath] /Users/Mat/Dropbox/University/Masters/COMP90024/Assessment/Assignment Two/COMP90024-Twitter-Project/GraphAPI/db/neo4j/development/system/lib/commons-configuration-1.10.jar
2015-05-02 14:47:30.922+0000 INFO  [o.n.k.i.DiagnosticsManager]:  [bootstrap] /Library/Java/JavaVirtualMachines/jdk1.7.0_79.jdk/Contents/Home/jre/lib/jfr.jar
2015-05-02 14:47:30.922+0000 INFO  [o.n.k.i.DiagnosticsManager]:  [loader.1] file:/Library/Java/JavaVirtualMachines/jdk1.7.0_79.jdk/Contents/Home/jre/lib/ext/sunpkcs11.jar
2015-05-02 14:47:30.922+0000 INFO  [o.n.k.i.DiagnosticsManager]:  [loader.0] file:/Users/Mat/Dropbox/University/Masters/COMP90024/Assessment/Assignment%20Two/COMP90024-Twitter-Project/GraphAPI/db/neo4j/development/lib/server-api-2.2.0-M02.jar
2015-05-02 14:47:30.922+0000 INFO  [o.n.k.i.DiagnosticsManager]:  [bootstrap] /Library/Java/JavaVirtualMachines/jdk1.7.0_79.jdk/Contents/Home/jre/lib/rt.jar
2015-05-02 14:47:30.922+0000 INFO  [o.n.k.i.DiagnosticsManager]:  [loader.0] file:/Users/Mat/Dropbox/University/Masters/COMP90024/Assessment/Assignment%20Two/COMP90024-Twitter-Project/GraphAPI/db/neo4j/development/system/lib/jetty-webapp-9.2.1.v20140609.jar
2015-05-02 14:47:30.922+0000 INFO  [o.n.k.i.DiagnosticsManager]:  [loader.0] file:/Users/Mat/Dropbox/University/Masters/COMP90024/Assessment/Assignment%20Two/COMP90024-Twitter-Project/GraphAPI/db/neo4j/development/system/lib/jetty-security-9.2.1.v20140609.jar
2015-05-02 14:47:30.922+0000 INFO  [o.n.k.i.DiagnosticsManager]:  [loader.0] file:/Users/Mat/Dropbox/University/Masters/COMP90024/Assessment/Assignment%20Two/COMP90024-Twitter-Project/GraphAPI/db/neo4j/development/lib/neo4j-jmx-2.2.0-M02.jar
2015-05-02 14:47:30.922+0000 INFO  [o.n.k.i.DiagnosticsManager]:  [loader.0] file:/Users/Mat/Dropbox/University/Masters/COMP90024/Assessment/Assignment%20Two/COMP90024-Twitter-Project/GraphAPI/db/neo4j/development/lib/scala-library-2.10.4.jar
2015-05-02 14:47:30.922+0000 INFO  [o.n.k.i.DiagnosticsManager]:  [classpath] /Users/Mat/Dropbox/University/Masters/COMP90024/Assessment/Assignment Two/COMP90024-Twitter-Project/GraphAPI/db/neo4j/development/system/lib/neo4j-server-2.2.0-M02.jar
2015-05-02 14:47:30.922+0000 INFO  [o.n.k.i.DiagnosticsManager]:  [classpath] /Users/Mat/Dropbox/University/Masters/COMP90024/Assessment/Assignment Two/COMP90024-Twitter-Project/GraphAPI/db/neo4j/development/system/lib/jetty-server-9.2.1.v20140609.jar
2015-05-02 14:47:30.922+0000 INFO  [o.n.k.i.DiagnosticsManager]: Library path:
2015-05-02 14:47:30.922+0000 INFO  [o.n.k.i.DiagnosticsManager]: /Users/Mat/Library/Java/Extensions
2015-05-02 14:47:30.922+0000 INFO  [o.n.k.i.DiagnosticsManager]: /Library/Java/Extensions
2015-05-02 14:47:30.923+0000 INFO  [o.n.k.i.DiagnosticsManager]: /Network/Library/Java/Extensions
2015-05-02 14:47:30.923+0000 INFO  [o.n.k.i.DiagnosticsManager]: /System/Library/Java/Extensions
2015-05-02 14:47:30.923+0000 INFO  [o.n.k.i.DiagnosticsManager]: /usr/lib/java
2015-05-02 14:47:30.923+0000 INFO  [o.n.k.i.DiagnosticsManager]: /Users/Mat/Dropbox/University/Masters/COMP90024/Assessment/Assignment Two/COMP90024-Twitter-Project/GraphAPI/db/neo4j/development
2015-05-02 14:47:30.923+0000 INFO  [o.n.k.i.DiagnosticsManager]: System.properties:
2015-05-02 14:47:30.923+0000 INFO  [o.n.k.i.DiagnosticsManager]: sun.boot.library.path = /Library/Java/JavaVirtualMachines/jdk1.7.0_79.jdk/Contents/Home/jre/lib
2015-05-02 14:47:30.923+0000 INFO  [o.n.k.i.DiagnosticsManager]: user.country.format = AU
2015-05-02 14:47:30.923+0000 INFO  [o.n.k.i.DiagnosticsManager]: org.neo4j.server.properties = conf/neo4j-server.properties
2015-05-02 14:47:30.923+0000 INFO  [o.n.k.i.DiagnosticsManager]: gopherProxySet = false
2015-05-02 14:47:30.923+0000 INFO  [o.n.k.i.DiagnosticsManager]: path.separator = :
2015-05-02 14:47:30.923+0000 INFO  [o.n.k.i.DiagnosticsManager]: file.encoding.pkg = sun.io
2015-05-02 14:47:30.923+0000 INFO  [o.n.k.i.DiagnosticsManager]: user.country = US
2015-05-02 14:47:30.923+0000 INFO  [o.n.k.i.DiagnosticsManager]: sun.java.launcher = SUN_STANDARD
2015-05-02 14:47:30.923+0000 INFO  [o.n.k.i.DiagnosticsManager]: sun.os.patch.level = unknown
2015-05-02 14:47:30.923+0000 INFO  [o.n.k.i.DiagnosticsManager]: user.dir = /Users/Mat/Dropbox/University/Masters/COMP90024/Assessment/Assignment Two/COMP90024-Twitter-Project/GraphAPI/db/neo4j/development
2015-05-02 14:47:30.924+0000 INFO  [o.n.k.i.DiagnosticsManager]: log4j.configuration = file:conf/log4j.properties
2015-05-02 14:47:30.924+0000 INFO  [o.n.k.i.DiagnosticsManager]: sun.jnu.encoding = UTF-8
2015-05-02 14:47:30.924+0000 INFO  [o.n.k.i.DiagnosticsManager]: sun.management.compiler = HotSpot 64-Bit Tiered Compilers
2015-05-02 14:47:30.924+0000 INFO  [o.n.k.i.DiagnosticsManager]: http.nonProxyHosts = local|*.local|169.254/16|*.169.254/16
2015-05-02 14:47:30.924+0000 INFO  [o.n.k.i.DiagnosticsManager]: user.home = /Users/Mat
2015-05-02 14:47:30.924+0000 INFO  [o.n.k.i.DiagnosticsManager]: user.timezone = Australia/Melbourne
2015-05-02 14:47:30.924+0000 INFO  [o.n.k.i.DiagnosticsManager]: file.encoding = UTF-8
2015-05-02 14:47:30.924+0000 INFO  [o.n.k.i.DiagnosticsManager]: user.name = Mat
2015-05-02 14:47:30.924+0000 INFO  [o.n.k.i.DiagnosticsManager]: sun.java.command = org.neo4j.server.Bootstrapper
2015-05-02 14:47:30.924+0000 INFO  [o.n.k.i.DiagnosticsManager]: sun.arch.data.model = 64
2015-05-02 14:47:30.924+0000 INFO  [o.n.k.i.DiagnosticsManager]: user.language = en
2015-05-02 14:47:30.924+0000 INFO  [o.n.k.i.DiagnosticsManager]: awt.toolkit = sun.lwawt.macosx.LWCToolkit
2015-05-02 14:47:30.924+0000 INFO  [o.n.k.i.DiagnosticsManager]: file.separator = /
2015-05-02 14:47:30.924+0000 INFO  [o.n.k.i.DiagnosticsManager]: sun.io.unicode.encoding = UnicodeBig
2015-05-02 14:47:30.924+0000 INFO  [o.n.k.i.DiagnosticsManager]: sun.cpu.endian = little
2015-05-02 14:47:30.924+0000 INFO  [o.n.k.i.DiagnosticsManager]: socksNonProxyHosts = local|*.local|169.254/16|*.169.254/16
2015-05-02 14:47:30.924+0000 INFO  [o.n.k.i.DiagnosticsManager]: neo4j.instance = /Users/Mat/Dropbox/University/Masters/COMP90024/Assessment/Assignment Two/COMP90024-Twitter-Project/GraphAPI/db/neo4j/development
2015-05-02 14:47:30.924+0000 INFO  [o.n.k.i.DiagnosticsManager]: ftp.nonProxyHosts = local|*.local|169.254/16|*.169.254/16
2015-05-02 14:47:30.924+0000 INFO  [o.n.k.i.DiagnosticsManager]: neo4j.home = /Users/Mat/Dropbox/University/Masters/COMP90024/Assessment/Assignment Two/COMP90024-Twitter-Project/GraphAPI/db/neo4j/development
2015-05-02 14:47:30.924+0000 INFO  [o.n.k.i.DiagnosticsManager]: sun.cpu.isalist = 
2015-05-02 14:47:30.924+0000 INFO  [o.n.k.i.DiagnosticsManager]: Network information:
2015-05-02 14:47:30.928+0000 INFO  [o.n.k.i.DiagnosticsManager]: Interface awdl0:
2015-05-02 14:47:30.928+0000 INFO  [o.n.k.i.DiagnosticsManager]:     address: fe80:0:0:0:f824:8eff:fe5e:192f%9
2015-05-02 14:47:30.928+0000 INFO  [o.n.k.i.DiagnosticsManager]: Interface en0:
2015-05-02 14:47:30.928+0000 INFO  [o.n.k.i.DiagnosticsManager]:     address: fe80:0:0:0:1610:9fff:fee6:36f%4
2015-05-02 14:47:30.928+0000 INFO  [o.n.k.i.DiagnosticsManager]:     address: 10.0.1.11
2015-05-02 14:47:30.928+0000 INFO  [o.n.k.i.DiagnosticsManager]: Interface lo0:
2015-05-02 14:47:30.928+0000 INFO  [o.n.k.i.DiagnosticsManager]:     address: fe80:0:0:0:0:0:0:1%1
2015-05-02 14:47:30.928+0000 INFO  [o.n.k.i.DiagnosticsManager]:     address: 0:0:0:0:0:0:0:1
2015-05-02 14:47:30.929+0000 INFO  [o.n.k.i.DiagnosticsManager]:     address: 127.0.0.1
2015-05-02 14:47:30.929+0000 INFO  [o.n.k.i.DiagnosticsManager]: --- INITIALIZED diagnostics END ---
2015-05-02 14:47:31.112+0000 INFO  [o.n.k.i.s.StoreFactory]: Creating new db @ /Users/Mat/Dropbox/University/Masters/COMP90024/Assessment/Assignment Two/COMP90024-Twitter-Project/GraphAPI/db/neo4j/development/data/graph.db/neostore
2015-05-02 14:47:31.526+0000 INFO  [o.n.k.NeoStoreDataSource]: Opened logical log [/Users/Mat/Dropbox/University/Masters/COMP90024/Assessment/Assignment Two/COMP90024-Twitter-Project/GraphAPI/db/neo4j/development/data/graph.db/neostore.transaction.db.0] version=0, lastTxId=1 (clean)
2015-05-02 14:47:32.248+0000 INFO  [o.n.k.i.DiagnosticsManager]: --- STARTED diagnostics for KernelDiagnostics:Versions START ---
2015-05-02 14:47:32.249+0000 INFO  [o.n.k.i.DiagnosticsManager]: Graph Database: org.neo4j.kernel.EmbeddedGraphDatabase StoreId{creationTime=1430578051112, randomId=-3925117110839815090, storeVersion=14687556271633926, upgradeTime=1430578051112, upgradeId=1}
2015-05-02 14:47:32.249+0000 INFO  [o.n.k.i.DiagnosticsManager]: Kernel version: Neo4j - Graph Database Kernel (neo4j-kernel), version: 2.2.0-M02
2015-05-02 14:47:32.249+0000 INFO  [o.n.k.i.DiagnosticsManager]: Neo4j component versions:
2015-05-02 14:47:32.261+0000 INFO  [o.n.k.i.DiagnosticsManager]:   Neo4j - Lucene Index (neo4j-lucene-index), version: 2.2.0-M02; revision: 2.2.0-M02:master:549/b70e1e11e4af9d5c5ffe171bbb3013625ee3bc4b
2015-05-02 14:47:32.261+0000 INFO  [o.n.k.i.DiagnosticsManager]:   Neo4j - JMX support (neo4j-jmx), version: 2.2.0-M02; revision: 2.2.0-M02:master:549/b70e1e11e4af9d5c5ffe171bbb3013625ee3bc4b
2015-05-02 14:47:32.261+0000 INFO  [o.n.k.i.DiagnosticsManager]:   Neo4j - Graph Matching (neo4j-graph-matching), version: 2.2.0-M02; revision: 2.2.0-M02:master:549/b70e1e11e4af9d5c5ffe171bbb3013625ee3bc4b
2015-05-02 14:47:32.261+0000 INFO  [o.n.k.i.DiagnosticsManager]:   Neo4j - Cypher Compiler 2.1 (neo4j-cypher-compiler-2.1), version: 2.1.6; revision: 2.1.6:2.1-maint:605/0d7f25fc608f15c54ec1a01f4ba4564ebfb1071a
2015-05-02 14:47:32.261+0000 INFO  [o.n.k.i.DiagnosticsManager]:   Neo4j - Server API (server-api), version: 2.2.0-M02; revision: 2.2.0-M02:master:549/b70e1e11e4af9d5c5ffe171bbb3013625ee3bc4b
2015-05-02 14:47:32.261+0000 INFO  [o.n.k.i.DiagnosticsManager]:   Neo4j - Import Command Line Tool (neo4j-import-tool), version: 2.2.0-M02; revision: 2.2.0-M02:master:549/b70e1e11e4af9d5c5ffe171bbb3013625ee3bc4b
2015-05-02 14:47:32.262+0000 INFO  [o.n.k.i.DiagnosticsManager]:   Neo4j - Graph Database Kernel (neo4j-kernel), version: 2.2.0-M02; revision: 2.2.0-M02:master:549/b70e1e11e4af9d5c5ffe171bbb3013625ee3bc4b
2015-05-02 14:47:32.262+0000 INFO  [o.n.k.i.DiagnosticsManager]:   Neo4j - Cypher (neo4j-cypher), version: 2.2.0-M02; revision: 2.2.0-M02:master:549/b70e1e11e4af9d5c5ffe171bbb3013625ee3bc4b
2015-05-02 14:47:32.262+0000 INFO  [o.n.k.i.DiagnosticsManager]:   Neo4j - Server (neo4j-server), version: 2.2.0-M02; revision: 2.2.0-M02:master:549/b70e1e11e4af9d5c5ffe171bbb3013625ee3bc4b
2015-05-02 14:47:32.262+0000 INFO  [o.n.k.i.DiagnosticsManager]:   Neo4j - Graph Algorithms (neo4j-graph-algo), version: 2.2.0-M02; revision: 2.2.0-M02:master:549/b70e1e11e4af9d5c5ffe171bbb3013625ee3bc4b
2015-05-02 14:47:32.262+0000 INFO  [o.n.k.i.DiagnosticsManager]:   Neo4j - Cypher Compiler 2.2 (neo4j-cypher-compiler-2.2), version: 2.2.0-M02; revision: 2.2.0-M02:master:549/b70e1e11e4af9d5c5ffe171bbb3013625ee3bc4b
2015-05-02 14:47:32.262+0000 INFO  [o.n.k.i.DiagnosticsManager]:   Neo4j - Cypher Compiler 2.0 (neo4j-cypher-compiler-2.0), version: 2.0.4; revision: 2.0.4:2.0-maint:130/4a7d10bc274a5d26a180bbe9df25100e8a694748
2015-05-02 14:47:32.262+0000 INFO  [o.n.k.i.DiagnosticsManager]:   Neo4j - Consistency Checker (neo4j-consistency-check), version: 2.2.0-M02; revision: 2.2.0-M02:master:549/b70e1e11e4af9d5c5ffe171bbb3013625ee3bc4b
2015-05-02 14:47:32.262+0000 INFO  [o.n.k.i.DiagnosticsManager]:   Neo4j - Generic shell (neo4j-shell), version: 2.2.0-M02; revision: 2.2.0-M02:master:549/b70e1e11e4af9d5c5ffe171bbb3013625ee3bc4b
2015-05-02 14:47:32.262+0000 INFO  [o.n.k.i.DiagnosticsManager]:   Neo4j - Cypher Compiler 1.9 (neo4j-cypher-compiler-1.9), version: 2.0.4; revision: 2.0.4:2.0-maint:130/4a7d10bc274a5d26a180bbe9df25100e8a694748
2015-05-02 14:47:32.262+0000 INFO  [o.n.k.i.DiagnosticsManager]:   neo4j-udc, version: 2.2.0-M02; revision: 2.2.0-M02:master:549/b70e1e11e4af9d5c5ffe171bbb3013625ee3bc4b
2015-05-02 14:47:32.263+0000 INFO  [o.n.k.i.DiagnosticsManager]: --- STARTED diagnostics for KernelDiagnostics:Versions END ---
2015-05-02 14:47:32.264+0000 INFO  [o.n.k.i.DiagnosticsManager]: --- STARTED diagnostics for NEO_STORE_VERSIONS START ---
2015-05-02 14:47:32.265+0000 INFO  [o.n.k.i.DiagnosticsManager]: Store versions:
2015-05-02 14:47:32.265+0000 INFO  [o.n.k.i.DiagnosticsManager]: Store versions:
2015-05-02 14:47:32.265+0000 INFO  [o.n.k.i.DiagnosticsManager]:   NeoStore v0.A.4
2015-05-02 14:47:32.265+0000 INFO  [o.n.k.i.DiagnosticsManager]:   SchemaStore v0.A.4
2015-05-02 14:47:32.265+0000 INFO  [o.n.k.i.DiagnosticsManager]:   NodeStore v0.A.4
2015-05-02 14:47:32.265+0000 INFO  [o.n.k.i.DiagnosticsManager]:   RelationshipStore v0.A.4
2015-05-02 14:47:32.265+0000 INFO  [o.n.k.i.DiagnosticsManager]:   RelationshipTypeStore v0.A.4
2015-05-02 14:47:32.265+0000 INFO  [o.n.k.i.DiagnosticsManager]:   LabelTokenStore v0.A.4
2015-05-02 14:47:32.265+0000 INFO  [o.n.k.i.DiagnosticsManager]:   PropertyStore v0.A.4
2015-05-02 14:47:32.265+0000 INFO  [o.n.k.i.DiagnosticsManager]:   PropertyIndexStore v0.A.4
2015-05-02 14:47:32.265+0000 INFO  [o.n.k.i.DiagnosticsManager]:   StringPropertyStore v0.A.4
2015-05-02 14:47:32.265+0000 INFO  [o.n.k.i.DiagnosticsManager]:   ArrayPropertyStore v0.A.4
2015-05-02 14:47:32.265+0000 INFO  [o.n.k.i.DiagnosticsManager]:   RelationshipGroupStore v0.A.4
2015-05-02 14:47:32.265+0000 INFO  [o.n.k.i.DiagnosticsManager]: --- STARTED diagnostics for NEO_STORE_VERSIONS END ---
2015-05-02 14:47:32.266+0000 INFO  [o.n.k.i.DiagnosticsManager]: --- STARTED diagnostics for NEO_STORE_ID_USAGE START ---
2015-05-02 14:47:32.266+0000 INFO  [o.n.k.i.DiagnosticsManager]: Id usage:
2015-05-02 14:47:32.266+0000 INFO  [o.n.k.i.DiagnosticsManager]: Id usage:
2015-05-02 14:47:32.266+0000 INFO  [o.n.k.i.DiagnosticsManager]:   SchemaStore: used=1 high=0
2015-05-02 14:47:32.266+0000 INFO  [o.n.k.i.DiagnosticsManager]:   NodeStore: used=0 high=-1
2015-05-02 14:47:32.266+0000 INFO  [o.n.k.i.DiagnosticsManager]:   RelationshipStore: used=0 high=-1
2015-05-02 14:47:32.266+0000 INFO  [o.n.k.i.DiagnosticsManager]:   RelationshipTypeStore: used=0 high=-1
2015-05-02 14:47:32.266+0000 INFO  [o.n.k.i.DiagnosticsManager]:   LabelTokenStore: used=0 high=-1
2015-05-02 14:47:32.266+0000 INFO  [o.n.k.i.DiagnosticsManager]:   PropertyStore: used=0 high=-1
2015-05-02 14:47:32.267+0000 INFO  [o.n.k.i.DiagnosticsManager]:   PropertyIndexStore: used=0 high=-1
2015-05-02 14:47:32.267+0000 INFO  [o.n.k.i.DiagnosticsManager]:   StringPropertyStore: used=1 high=0
2015-05-02 14:47:32.267+0000 INFO  [o.n.k.i.DiagnosticsManager]:   ArrayPropertyStore: used=1 high=0
2015-05-02 14:47:32.267+0000 INFO  [o.n.k.i.DiagnosticsManager]:   RelationshipGroupStore: used=1 high=0
2015-05-02 14:47:32.267+0000 INFO  [o.n.k.i.DiagnosticsManager]: --- STARTED diagnostics for NEO_STORE_ID_USAGE END ---
2015-05-02 14:47:32.267+0000 INFO  [o.n.k.i.DiagnosticsManager]: --- STARTED diagnostics for KernelDiagnostics:StoreFiles START ---
2015-05-02 14:47:32.268+0000 INFO  [o.n.k.i.DiagnosticsManager]: Disk space on partition (Total / Free / Free %): 439418032128 / 256674017280 / 58
Storage files: (filename : modification date - size)
2015-05-02 14:47:32.268+0000 INFO  [o.n.k.i.DiagnosticsManager]:   index:
2015-05-02 14:47:32.269+0000 INFO  [o.n.k.i.DiagnosticsManager]:   - Total: 2015-05-03T00:47:31+1000 - 0.00 B
2015-05-02 14:47:32.269+0000 INFO  [o.n.k.i.DiagnosticsManager]:   lock: 2015-05-03T00:47:31+1000 - 0.00 B
2015-05-02 14:47:32.269+0000 INFO  [o.n.k.i.DiagnosticsManager]:   messages.log: 2015-05-03T00:47:32+1000 - 53.50 kB
2015-05-02 14:47:32.270+0000 INFO  [o.n.k.i.DiagnosticsManager]:   neostore: 2015-05-03T00:47:31+1000 - 99.00 B
2015-05-02 14:47:32.270+0000 INFO  [o.n.k.i.DiagnosticsManager]:   neostore.counts.db.a: 2015-05-03T00:47:31+1000 - 8.00 kB
2015-05-02 14:47:32.270+0000 INFO  [o.n.k.i.DiagnosticsManager]:   neostore.counts.db.b: 2015-05-03T00:47:31+1000 - 8.00 kB
2015-05-02 14:47:32.270+0000 INFO  [o.n.k.i.DiagnosticsManager]:   neostore.id: 2015-05-03T00:47:31+1000 - 9.00 B
2015-05-02 14:47:32.271+0000 INFO  [o.n.k.i.DiagnosticsManager]:   neostore.labeltokenstore.db: 2015-05-03T00:47:31+1000 - 0.00 B
2015-05-02 14:47:32.271+0000 INFO  [o.n.k.i.DiagnosticsManager]:   neostore.labeltokenstore.db.id: 2015-05-03T00:47:31+1000 - 9.00 B
2015-05-02 14:47:32.271+0000 INFO  [o.n.k.i.DiagnosticsManager]:   neostore.labeltokenstore.db.names: 2015-05-03T00:47:31+1000 - 38.00 B
2015-05-02 14:47:32.271+0000 INFO  [o.n.k.i.DiagnosticsManager]:   neostore.labeltokenstore.db.names.id: 2015-05-03T00:47:31+1000 - 9.00 B
2015-05-02 14:47:32.272+0000 INFO  [o.n.k.i.DiagnosticsManager]:   neostore.nodestore.db: 2015-05-03T00:47:31+1000 - 0.00 B
2015-05-02 14:47:32.272+0000 INFO  [o.n.k.i.DiagnosticsManager]:   neostore.nodestore.db.id: 2015-05-03T00:47:31+1000 - 9.00 B
2015-05-02 14:47:32.272+0000 INFO  [o.n.k.i.DiagnosticsManager]:   neostore.nodestore.db.labels: 2015-05-03T00:47:31+1000 - 68.00 B
2015-05-02 14:47:32.272+0000 INFO  [o.n.k.i.DiagnosticsManager]:   neostore.nodestore.db.labels.id: 2015-05-03T00:47:31+1000 - 9.00 B
2015-05-02 14:47:32.273+0000 INFO  [o.n.k.i.DiagnosticsManager]:   neostore.propertystore.db: 2015-05-03T00:47:31+1000 - 0.00 B
2015-05-02 14:47:32.273+0000 INFO  [o.n.k.i.DiagnosticsManager]:   neostore.propertystore.db.arrays: 2015-05-03T00:47:31+1000 - 128.00 B
2015-05-02 14:47:32.273+0000 INFO  [o.n.k.i.DiagnosticsManager]:   neostore.propertystore.db.arrays.id: 2015-05-03T00:47:31+1000 - 9.00 B
2015-05-02 14:47:32.273+0000 INFO  [o.n.k.i.DiagnosticsManager]:   neostore.propertystore.db.id: 2015-05-03T00:47:31+1000 - 9.00 B
2015-05-02 14:47:32.274+0000 INFO  [o.n.k.i.DiagnosticsManager]:   neostore.propertystore.db.index: 2015-05-03T00:47:31+1000 - 0.00 B
2015-05-02 14:47:32.274+0000 INFO  [o.n.k.i.DiagnosticsManager]:   neostore.propertystore.db.index.id: 2015-05-03T00:47:31+1000 - 9.00 B
2015-05-02 14:47:32.274+0000 INFO  [o.n.k.i.DiagnosticsManager]:   neostore.propertystore.db.index.keys: 2015-05-03T00:47:31+1000 - 38.00 B
2015-05-02 14:47:32.274+0000 INFO  [o.n.k.i.DiagnosticsManager]:   neostore.propertystore.db.index.keys.id: 2015-05-03T00:47:31+1000 - 9.00 B
2015-05-02 14:47:32.275+0000 INFO  [o.n.k.i.DiagnosticsManager]:   neostore.propertystore.db.strings: 2015-05-03T00:47:31+1000 - 128.00 B
2015-05-02 14:47:32.275+0000 INFO  [o.n.k.i.DiagnosticsManager]:   neostore.propertystore.db.strings.id: 2015-05-03T00:47:31+1000 - 9.00 B
2015-05-02 14:47:32.275+0000 INFO  [o.n.k.i.DiagnosticsManager]:   neostore.relationshipgroupstore.db: 2015-05-03T00:47:31+1000 - 25.00 B
2015-05-02 14:47:32.275+0000 INFO  [o.n.k.i.DiagnosticsManager]:   neostore.relationshipgroupstore.db.id: 2015-05-03T00:47:31+1000 - 9.00 B
2015-05-02 14:47:32.276+0000 INFO  [o.n.k.i.DiagnosticsManager]:   neostore.relationshipstore.db: 2015-05-03T00:47:31+1000 - 0.00 B
2015-05-02 14:47:32.276+0000 INFO  [o.n.k.i.DiagnosticsManager]:   neostore.relationshipstore.db.id: 2015-05-03T00:47:31+1000 - 9.00 B
2015-05-02 14:47:32.276+0000 INFO  [o.n.k.i.DiagnosticsManager]:   neostore.relationshiptypestore.db: 2015-05-03T00:47:31+1000 - 0.00 B
2015-05-02 14:47:32.277+0000 INFO  [o.n.k.i.DiagnosticsManager]:   neostore.relationshiptypestore.db.id: 2015-05-03T00:47:31+1000 - 9.00 B
2015-05-02 14:47:32.277+0000 INFO  [o.n.k.i.DiagnosticsManager]:   neostore.relationshiptypestore.db.names: 2015-05-03T00:47:31+1000 - 38.00 B
2015-05-02 14:47:32.277+0000 INFO  [o.n.k.i.DiagnosticsManager]:   neostore.relationshiptypestore.db.names.id: 2015-05-03T00:47:31+1000 - 9.00 B
2015-05-02 14:47:32.277+0000 INFO  [o.n.k.i.DiagnosticsManager]:   neostore.schemastore.db: 2015-05-03T00:47:31+1000 - 64.00 B
2015-05-02 14:47:32.278+0000 INFO  [o.n.k.i.DiagnosticsManager]:   neostore.schemastore.db.id: 2015-05-03T00:47:31+1000 - 9.00 B
2015-05-02 14:47:32.278+0000 INFO  [o.n.k.i.DiagnosticsManager]:   neostore.transaction.db.0: 2015-05-03T00:47:31+1000 - 16.00 B
2015-05-02 14:47:32.278+0000 INFO  [o.n.k.i.DiagnosticsManager]:   schema:
2015-05-02 14:47:32.278+0000 INFO  [o.n.k.i.DiagnosticsManager]:     index:
2015-05-02 14:47:32.278+0000 INFO  [o.n.k.i.DiagnosticsManager]:       lucene:
2015-05-02 14:47:32.278+0000 INFO  [o.n.k.i.DiagnosticsManager]:         1:
2015-05-02 14:47:32.279+0000 INFO  [o.n.k.i.DiagnosticsManager]:           failure-message: 2015-05-02T23:33:45+1000 - 16.00 kB
2015-05-02 14:47:32.279+0000 INFO  [o.n.k.i.DiagnosticsManager]:           segments.gen: 2015-05-02T23:53:04+1000 - 20.00 B
2015-05-02 14:47:32.279+0000 INFO  [o.n.k.i.DiagnosticsManager]:           segments_2: 2015-05-02T23:53:04+1000 - 46.00 B
2015-05-02 14:47:32.279+0000 INFO  [o.n.k.i.DiagnosticsManager]:           write.lock: 2015-05-02T23:33:45+1000 - 0.00 B
2015-05-02 14:47:32.280+0000 INFO  [o.n.k.i.DiagnosticsManager]:         - Total: 2015-05-02T23:53:04+1000 - 16.06 kB
2015-05-02 14:47:32.280+0000 INFO  [o.n.k.i.DiagnosticsManager]:         3:
2015-05-02 14:47:32.280+0000 INFO  [o.n.k.i.DiagnosticsManager]:           _2.cfs: 2015-05-02T23:48:57+1000 - 297.00 B
2015-05-02 14:47:32.280+0000 INFO  [o.n.k.i.DiagnosticsManager]:           failure-message: 2015-05-02T23:46:52+1000 - 16.00 kB
2015-05-02 14:47:32.281+0000 INFO  [o.n.k.i.DiagnosticsManager]:           segments.gen: 2015-05-02T23:53:04+1000 - 20.00 B
2015-05-02 14:47:32.281+0000 INFO  [o.n.k.i.DiagnosticsManager]:           segments_2: 2015-05-02T23:53:04+1000 - 295.00 B
2015-05-02 14:47:32.281+0000 INFO  [o.n.k.i.DiagnosticsManager]:           write.lock: 2015-05-02T23:46:52+1000 - 0.00 B
2015-05-02 14:47:32.281+0000 INFO  [o.n.k.i.DiagnosticsManager]:         - Total: 2015-05-02T23:53:04+1000 - 16.60 kB
2015-05-02 14:47:32.281+0000 INFO  [o.n.k.i.DiagnosticsManager]:         5:
2015-05-02 14:47:32.282+0000 INFO  [o.n.k.i.DiagnosticsManager]:           _2.cfs: 2015-05-02T23:48:57+1000 - 227.00 B
2015-05-02 14:47:32.282+0000 INFO  [o.n.k.i.DiagnosticsManager]:           failure-message: 2015-05-02T23:46:52+1000 - 16.00 kB
2015-05-02 14:47:32.282+0000 INFO  [o.n.k.i.DiagnosticsManager]:           segments.gen: 2015-05-02T23:53:04+1000 - 20.00 B
2015-05-02 14:47:32.283+0000 INFO  [o.n.k.i.DiagnosticsManager]:           segments_2: 2015-05-02T23:53:04+1000 - 295.00 B
2015-05-02 14:47:32.283+0000 INFO  [o.n.k.i.DiagnosticsManager]:           write.lock: 2015-05-02T23:46:52+1000 - 0.00 B
2015-05-02 14:47:32.283+0000 INFO  [o.n.k.i.DiagnosticsManager]:         - Total: 2015-05-02T23:53:04+1000 - 16.53 kB
2015-05-02 14:47:32.284+0000 INFO  [o.n.k.i.DiagnosticsManager]:       - Total: 2015-05-02T23:46:52+1000 - 49.19 kB
2015-05-02 14:47:32.284+0000 INFO  [o.n.k.i.DiagnosticsManager]:     - Total: 2015-05-02T23:33:45+1000 - 49.19 kB
2015-05-02 14:47:32.284+0000 INFO  [o.n.k.i.DiagnosticsManager]:     label:
2015-05-02 14:47:32.284+0000 INFO  [o.n.k.i.DiagnosticsManager]:       lucene:
2015-05-02 14:47:32.284+0000 INFO  [o.n.k.i.DiagnosticsManager]:         _2.cfs: 2015-05-02T23:48:57+1000 - 229.00 B
2015-05-02 14:47:32.285+0000 INFO  [o.n.k.i.DiagnosticsManager]:         segments.gen: 2015-05-02T23:53:04+1000 - 20.00 B
2015-05-02 14:47:32.285+0000 INFO  [o.n.k.i.DiagnosticsManager]:         segments_1: 2015-05-02T23:53:04+1000 - 244.00 B
2015-05-02 14:47:32.285+0000 INFO  [o.n.k.i.DiagnosticsManager]:         write.lock: 2015-05-03T00:47:31+1000 - 0.00 B
2015-05-02 14:47:32.285+0000 INFO  [o.n.k.i.DiagnosticsManager]:       - Total: 2015-05-03T00:47:31+1000 - 493.00 B
2015-05-02 14:47:32.285+0000 INFO  [o.n.k.i.DiagnosticsManager]:     - Total: 2015-05-02T23:33:56+1000 - 493.00 B
2015-05-02 14:47:32.286+0000 INFO  [o.n.k.i.DiagnosticsManager]:   - Total: 2015-05-02T23:33:56+1000 - 49.67 kB
2015-05-02 14:47:32.286+0000 INFO  [o.n.k.i.DiagnosticsManager]:   store_lock: 2015-05-03T00:47:31+1000 - 0.00 B
2015-05-02 14:47:32.286+0000 INFO  [o.n.k.i.DiagnosticsManager]: --- STARTED diagnostics for KernelDiagnostics:StoreFiles END ---
2015-05-02 14:47:32.331+0000 INFO  [o.n.k.EmbeddedGraphDatabase]: Database is now ready
2015-05-02 14:47:32.331+0000 INFO  [o.n.s.d.LifecycleManagingDatabase]: Successfully started database
2015-05-02 14:47:32.335+0000 INFO  [o.n.k.i.DiagnosticsManager]: --- SERVER STARTED START ---
2015-05-02 14:47:32.424+0000 INFO  [o.n.s.CommunityNeoServer]: Starting HTTP on port :7474 with 8 threads available
2015-05-02 14:47:32.803+0000 INFO  [o.n.s.CommunityNeoServer]: Enabling HTTPS on port :7473
2015-05-02 14:47:32.803+0000 INFO  [o.n.s.CommunityNeoServer]: No SSL certificate found, generating a self-signed certificate..
2015-05-02 14:47:33.206+0000 INFO  [o.n.s.w.Jetty9WebServer]: Mounting static content at [/webadmin] from [webadmin-html]
2015-05-02 14:47:33.267+0000 INFO  [o.n.s.w.Jetty9WebServer]: Mounting static content at [/browser] from [browser]
2015-05-02 14:47:34.817+0000 INFO  [o.n.s.CommunityNeoServer]: Server started on: http://localhost:7474/
2015-05-02 14:47:34.817+0000 INFO  [o.n.s.CommunityNeoServer]: Remote interface ready and available at [http://localhost:7474/]
2015-05-02 14:47:34.817+0000 INFO  [o.n.k.i.DiagnosticsManager]: --- SERVER STARTED END ---
2015-05-02 23:12:04.046+0000 WARN  [o.n.k.EmbeddedGraphDatabase]: GC Monitor: Application threads blocked for 4200157ms.
2015-05-03 03:05:09.140+0000 WARN  [o.n.k.EmbeddedGraphDatabase]: GC Monitor: Application threads blocked for 13972860ms.
2015-05-03 03:05:21.621+0000 WARN  [o.n.k.EmbeddedGraphDatabase]: GC Monitor: Application threads blocked for 934ms.
2015-05-03 10:00:37.204+0000 WARN  [o.n.k.EmbeddedGraphDatabase]: GC Monitor: Application threads blocked for 2680ms.
2015-05-03 13:17:41.073+0000 WARN  [o.n.k.EmbeddedGraphDatabase]: GC Monitor: Application threads blocked for 2259ms.
