2015-05-05 13:22:39.005+0000 INFO  [o.n.s.CommunityNeoServer]: Setting startup timeout to: 120000ms based on 120000
2015-05-05 13:22:39.226+0000 INFO  [o.n.k.InternalAbstractGraphDatabase]: No locking implementation specified, defaulting to 'community'
2015-05-05 13:22:39.309+0000 INFO  [o.n.k.i.DiagnosticsManager]: --- INITIALIZED diagnostics START ---
2015-05-05 13:22:39.311+0000 INFO  [o.n.k.i.DiagnosticsManager]: Neo4j Kernel properties:
2015-05-05 13:22:39.315+0000 INFO  [o.n.k.i.DiagnosticsManager]: store_dir=/Users/Mat/Dropbox/University/Masters/COMP90024/Assessment/Assignment Two/COMP90024-Twitter-Project/GraphAPI/db/neo4j/development/data/graph.db
2015-05-05 13:22:39.315+0000 INFO  [o.n.k.i.DiagnosticsManager]: remote_shell_enabled=true
2015-05-05 13:22:39.316+0000 INFO  [o.n.k.i.DiagnosticsManager]: Diagnostics providers:
2015-05-05 13:22:39.317+0000 INFO  [o.n.k.i.DiagnosticsManager]: org.neo4j.kernel.configuration.Config
2015-05-05 13:22:39.317+0000 INFO  [o.n.k.i.DiagnosticsManager]: org.neo4j.kernel.info.DiagnosticsManager
2015-05-05 13:22:39.317+0000 INFO  [o.n.k.i.DiagnosticsManager]: SYSTEM_MEMORY
2015-05-05 13:22:39.317+0000 INFO  [o.n.k.i.DiagnosticsManager]: JAVA_MEMORY
2015-05-05 13:22:39.317+0000 INFO  [o.n.k.i.DiagnosticsManager]: OPERATING_SYSTEM
2015-05-05 13:22:39.317+0000 INFO  [o.n.k.i.DiagnosticsManager]: JAVA_VIRTUAL_MACHINE
2015-05-05 13:22:39.317+0000 INFO  [o.n.k.i.DiagnosticsManager]: CLASSPATH
2015-05-05 13:22:39.317+0000 INFO  [o.n.k.i.DiagnosticsManager]: LIBRARY_PATH
2015-05-05 13:22:39.317+0000 INFO  [o.n.k.i.DiagnosticsManager]: SYSTEM_PROPERTIES
2015-05-05 13:22:39.317+0000 INFO  [o.n.k.i.DiagnosticsManager]: NETWORK
2015-05-05 13:22:39.317+0000 INFO  [o.n.k.i.DiagnosticsManager]: System memory information:
2015-05-05 13:22:39.319+0000 INFO  [o.n.k.i.DiagnosticsManager]: Total Physical memory: 16.00 GB
2015-05-05 13:22:39.319+0000 INFO  [o.n.k.i.DiagnosticsManager]: Free Physical memory: 3.43 GB
2015-05-05 13:22:39.320+0000 INFO  [o.n.k.i.DiagnosticsManager]: Committed virtual memory: 6.72 GB
2015-05-05 13:22:39.320+0000 INFO  [o.n.k.i.DiagnosticsManager]: Total swap space: 1.00 GB
2015-05-05 13:22:39.320+0000 INFO  [o.n.k.i.DiagnosticsManager]: Free swap space: 1019.75 MB
2015-05-05 13:22:39.321+0000 INFO  [o.n.k.i.DiagnosticsManager]: JVM memory information:
2015-05-05 13:22:39.321+0000 INFO  [o.n.k.i.DiagnosticsManager]: Free  memory: 212.40 MB
2015-05-05 13:22:39.321+0000 INFO  [o.n.k.i.DiagnosticsManager]: Total memory: 247.50 MB
2015-05-05 13:22:39.321+0000 INFO  [o.n.k.i.DiagnosticsManager]: Max   memory: 3.94 GB
2015-05-05 13:22:39.323+0000 INFO  [o.n.k.i.DiagnosticsManager]: Garbage Collector: ParNew: [Par Eden Space, Par Survivor Space]
2015-05-05 13:22:39.323+0000 INFO  [o.n.k.i.DiagnosticsManager]: Garbage Collector: ConcurrentMarkSweep: [Par Eden Space, Par Survivor Space, CMS Old Gen, CMS Perm Gen]
2015-05-05 13:22:39.324+0000 INFO  [o.n.k.i.DiagnosticsManager]: Memory Pool: Code Cache (Non-heap memory): committed=2.44 MB, used=777.31 kB, max=48.00 MB, threshold=0.00 B
2015-05-05 13:22:39.324+0000 INFO  [o.n.k.i.DiagnosticsManager]: Memory Pool: Par Eden Space (Heap memory): committed=68.31 MB, used=8.59 MB, max=532.56 MB, threshold=?
2015-05-05 13:22:39.325+0000 INFO  [o.n.k.i.DiagnosticsManager]: Memory Pool: Par Survivor Space (Heap memory): committed=8.50 MB, used=8.50 MB, max=66.50 MB, threshold=?
2015-05-05 13:22:39.325+0000 INFO  [o.n.k.i.DiagnosticsManager]: Memory Pool: CMS Old Gen (Heap memory): committed=170.69 MB, used=18.01 MB, max=3.35 GB, threshold=0.00 B
2015-05-05 13:22:39.326+0000 INFO  [o.n.k.i.DiagnosticsManager]: Memory Pool: CMS Perm Gen (Non-heap memory): committed=20.75 MB, used=12.81 MB, max=82.00 MB, threshold=0.00 B
2015-05-05 13:22:39.326+0000 INFO  [o.n.k.i.DiagnosticsManager]: Operating system information:
2015-05-05 13:22:39.327+0000 INFO  [o.n.k.i.DiagnosticsManager]: Operating System: Mac OS X; version: 10.10.3; arch: x86_64; cpus: 8
2015-05-05 13:22:39.327+0000 INFO  [o.n.k.i.DiagnosticsManager]: Max number of file descriptors: 10240
2015-05-05 13:22:39.327+0000 INFO  [o.n.k.i.DiagnosticsManager]: Number of open file descriptors: 86
2015-05-05 13:22:39.328+0000 INFO  [o.n.k.i.DiagnosticsManager]: Process id: 3524@Mathews-MacBook-Pro.local
2015-05-05 13:22:39.328+0000 INFO  [o.n.k.i.DiagnosticsManager]: Byte order: LITTLE_ENDIAN
2015-05-05 13:22:39.328+0000 INFO  [o.n.k.i.DiagnosticsManager]: Local timezone: Australia/Melbourne
2015-05-05 13:22:39.328+0000 INFO  [o.n.k.i.DiagnosticsManager]: JVM information:
2015-05-05 13:22:39.328+0000 INFO  [o.n.k.i.DiagnosticsManager]: VM Name: Java HotSpot(TM) 64-Bit Server VM
2015-05-05 13:22:39.328+0000 INFO  [o.n.k.i.DiagnosticsManager]: VM Vendor: Oracle Corporation
2015-05-05 13:22:39.328+0000 INFO  [o.n.k.i.DiagnosticsManager]: VM Version: 24.79-b02
2015-05-05 13:22:39.328+0000 INFO  [o.n.k.i.DiagnosticsManager]: JIT compiler: HotSpot 64-Bit Tiered Compilers
2015-05-05 13:22:39.329+0000 INFO  [o.n.k.i.DiagnosticsManager]: VM Arguments: [-XX:+DisableExplicitGC, -Dorg.neo4j.server.properties=conf/neo4j-server.properties, -Djava.util.logging.config.file=conf/logging.properties, -Dlog4j.configuration=file:conf/log4j.properties, -XX:+UseConcMarkSweepGC, -XX:+CMSClassUnloadingEnabled, -XX:-OmitStackTraceInFastThrow, -Dneo4j.home=/Users/Mat/Dropbox/University/Masters/COMP90024/Assessment/Assignment Two/COMP90024-Twitter-Project/GraphAPI/db/neo4j/development, -Dneo4j.instance=/Users/Mat/Dropbox/University/Masters/COMP90024/Assessment/Assignment Two/COMP90024-Twitter-Project/GraphAPI/db/neo4j/development, -Dfile.encoding=UTF-8]
2015-05-05 13:22:39.329+0000 INFO  [o.n.k.i.DiagnosticsManager]: Java classpath:
2015-05-05 13:22:39.344+0000 INFO  [o.n.k.i.DiagnosticsManager]:  [loader.0] file:/Users/Mat/Dropbox/University/Masters/COMP90024/Assessment/Assignment%20Two/COMP90024-Twitter-Project/GraphAPI/db/neo4j/development/system/lib/jetty-io-9.2.1.v20140609.jar
2015-05-05 13:22:39.344+0000 INFO  [o.n.k.i.DiagnosticsManager]:  [loader.0] file:/Users/Mat/Dropbox/University/Masters/COMP90024/Assessment/Assignment%20Two/COMP90024-Twitter-Project/GraphAPI/db/neo4j/development/lib/org.apache.servicemix.bundles.jline-0.9.94_1.jar
2015-05-05 13:22:39.344+0000 INFO  [o.n.k.i.DiagnosticsManager]:  [loader.0] file:/Users/Mat/Dropbox/University/Masters/COMP90024/Assessment/Assignment%20Two/COMP90024-Twitter-Project/GraphAPI/db/neo4j/development/system/lib/commons-compiler-2.6.1.jar
2015-05-05 13:22:39.344+0000 INFO  [o.n.k.i.DiagnosticsManager]:  [loader.0] file:/Users/Mat/Dropbox/University/Masters/COMP90024/Assessment/Assignment%20Two/COMP90024-Twitter-Project/GraphAPI/db/neo4j/development/system/lib/neo4j-server-2.2.0-M02.jar
2015-05-05 13:22:39.344+0000 INFO  [o.n.k.i.DiagnosticsManager]:  [loader.0] file:/Users/Mat/Dropbox/University/Masters/COMP90024/Assessment/Assignment%20Two/COMP90024-Twitter-Project/GraphAPI/db/neo4j/development/lib/neo4j-cypher-compiler-2.0-2.0.4.jar
2015-05-05 13:22:39.344+0000 INFO  [o.n.k.i.DiagnosticsManager]:  [loader.0] file:/Users/Mat/Dropbox/University/Masters/COMP90024/Assessment/Assignment%20Two/COMP90024-Twitter-Project/GraphAPI/db/neo4j/development/lib/parboiled-core-1.1.6.jar
2015-05-05 13:22:39.344+0000 INFO  [o.n.k.i.DiagnosticsManager]:  [loader.1] file:/System/Library/Java/Extensions/vecmath.jar
2015-05-05 13:22:39.344+0000 INFO  [o.n.k.i.DiagnosticsManager]:  [classpath] /Users/Mat/Dropbox/University/Masters/COMP90024/Assessment/Assignment Two/COMP90024-Twitter-Project/GraphAPI/db/neo4j/development/lib/neo4j-csv-2.2.0-M02.jar
2015-05-05 13:22:39.344+0000 INFO  [o.n.k.i.DiagnosticsManager]:  [loader.0] file:/Users/Mat/Dropbox/University/Masters/COMP90024/Assessment/Assignment%20Two/COMP90024-Twitter-Project/GraphAPI/db/neo4j/development/lib/neo4j-csv-2.2.0-M02.jar
2015-05-05 13:22:39.344+0000 INFO  [o.n.k.i.DiagnosticsManager]:  [bootstrap] /Library/Java/JavaVirtualMachines/jdk1.7.0_79.jdk/Contents/Home/jre/lib/jce.jar
2015-05-05 13:22:39.344+0000 INFO  [o.n.k.i.DiagnosticsManager]:  [loader.0] file:/Users/Mat/Dropbox/University/Masters/COMP90024/Assessment/Assignment%20Two/COMP90024-Twitter-Project/GraphAPI/db/neo4j/development/lib/concurrentlinkedhashmap-lru-1.4.jar
2015-05-05 13:22:39.345+0000 INFO  [o.n.k.i.DiagnosticsManager]:  [classpath] /Users/Mat/Dropbox/University/Masters/COMP90024/Assessment/Assignment Two/COMP90024-Twitter-Project/GraphAPI/db/neo4j/development/lib/neo4j-graph-algo-2.2.0-M02.jar
2015-05-05 13:22:39.345+0000 INFO  [o.n.k.i.DiagnosticsManager]:  [classpath] /Users/Mat/Dropbox/University/Masters/COMP90024/Assessment/Assignment Two/COMP90024-Twitter-Project/GraphAPI/db/neo4j/development/lib/neo4j-primitive-collections-2.2.0-M02.jar
2015-05-05 13:22:39.345+0000 INFO  [o.n.k.i.DiagnosticsManager]:  [classpath] /Users/Mat/Dropbox/University/Masters/COMP90024/Assessment/Assignment Two/COMP90024-Twitter-Project/GraphAPI/db/neo4j/development/lib/neo4j-kernel-2.2.0-M02.jar
2015-05-05 13:22:39.345+0000 INFO  [o.n.k.i.DiagnosticsManager]:  [classpath] /Users/Mat/Dropbox/University/Masters/COMP90024/Assessment/Assignment Two/COMP90024-Twitter-Project/GraphAPI/db/neo4j/development/system/lib/logback-core-1.1.2.jar
2015-05-05 13:22:39.345+0000 INFO  [o.n.k.i.DiagnosticsManager]:  [loader.1] file:/Library/Java/JavaVirtualMachines/jdk1.7.0_79.jdk/Contents/Home/jre/lib/ext/zipfs.jar
2015-05-05 13:22:39.345+0000 INFO  [o.n.k.i.DiagnosticsManager]:  [loader.1] file:/System/Library/Java/Extensions/libJ3D.jnilib
2015-05-05 13:22:39.345+0000 INFO  [o.n.k.i.DiagnosticsManager]:  [loader.0] file:/Users/Mat/Dropbox/University/Masters/COMP90024/Assessment/Assignment%20Two/COMP90024-Twitter-Project/GraphAPI/db/neo4j/development/system/lib/jsr311-api-1.1.2.r612.jar
2015-05-05 13:22:39.345+0000 INFO  [o.n.k.i.DiagnosticsManager]:  [loader.0] file:/Users/Mat/Dropbox/University/Masters/COMP90024/Assessment/Assignment%20Two/COMP90024-Twitter-Project/GraphAPI/db/neo4j/development/lib/neo4j-primitive-collections-2.2.0-M02.jar
2015-05-05 13:22:39.345+0000 INFO  [o.n.k.i.DiagnosticsManager]:  [loader.0] file:/Users/Mat/Dropbox/University/Masters/COMP90024/Assessment/Assignment%20Two/COMP90024-Twitter-Project/GraphAPI/db/neo4j/development/lib/opencsv-2.3.jar
2015-05-05 13:22:39.345+0000 INFO  [o.n.k.i.DiagnosticsManager]:  [classpath] /Users/Mat/Dropbox/University/Masters/COMP90024/Assessment/Assignment Two/COMP90024-Twitter-Project/GraphAPI/db/neo4j/development/system/lib/jetty-servlet-9.2.1.v20140609.jar
2015-05-05 13:22:39.345+0000 INFO  [o.n.k.i.DiagnosticsManager]:  [loader.0] file:/Users/Mat/Dropbox/University/Masters/COMP90024/Assessment/Assignment%20Two/COMP90024-Twitter-Project/GraphAPI/db/neo4j/development/lib/neo4j-shell-2.2.0-M02.jar
2015-05-05 13:22:39.345+0000 INFO  [o.n.k.i.DiagnosticsManager]:  [loader.0] file:/Users/Mat/Dropbox/University/Masters/COMP90024/Assessment/Assignment%20Two/COMP90024-Twitter-Project/GraphAPI/db/neo4j/development/lib/neo4j-cypher-compiler-1.9-2.0.4.jar
2015-05-05 13:22:39.345+0000 INFO  [o.n.k.i.DiagnosticsManager]:  [loader.0] file:/Users/Mat/Dropbox/University/Masters/COMP90024/Assessment/Assignment%20Two/COMP90024-Twitter-Project/GraphAPI/db/neo4j/development/system/lib/slf4j-api-1.7.7.jar
2015-05-05 13:22:39.345+0000 INFO  [o.n.k.i.DiagnosticsManager]:  [bootstrap] /Library/Java/JavaVirtualMachines/jdk1.7.0_79.jdk/Contents/Home/jre/classes
2015-05-05 13:22:39.345+0000 INFO  [o.n.k.i.DiagnosticsManager]:  [classpath] /Users/Mat/Dropbox/University/Masters/COMP90024/Assessment/Assignment Two/COMP90024-Twitter-Project/GraphAPI/db/neo4j/development/lib/scala-library-2.10.4.jar
2015-05-05 13:22:39.345+0000 INFO  [o.n.k.i.DiagnosticsManager]:  [loader.1] file:/System/Library/Java/Extensions/j3daudio.jar
2015-05-05 13:22:39.345+0000 INFO  [o.n.k.i.DiagnosticsManager]:  [loader.1] file:/Library/Java/JavaVirtualMachines/jdk1.7.0_79.jdk/Contents/Home/jre/lib/ext/sunec.jar
2015-05-05 13:22:39.345+0000 INFO  [o.n.k.i.DiagnosticsManager]:  [classpath] /Users/Mat/Dropbox/University/Masters/COMP90024/Assessment/Assignment Two/COMP90024-Twitter-Project/GraphAPI/db/neo4j/development/system/lib/commons-logging-1.1.1.jar
2015-05-05 13:22:39.345+0000 INFO  [o.n.k.i.DiagnosticsManager]:  [loader.0] file:/Users/Mat/Dropbox/University/Masters/COMP90024/Assessment/Assignment%20Two/COMP90024-Twitter-Project/GraphAPI/db/neo4j/development/system/lib/janino-2.6.1.jar
2015-05-05 13:22:39.345+0000 INFO  [o.n.k.i.DiagnosticsManager]:  [classpath] /Users/Mat/Dropbox/University/Masters/COMP90024/Assessment/Assignment Two/COMP90024-Twitter-Project/GraphAPI/db/neo4j/development/system/lib/jackson-jaxrs-1.9.13.jar
2015-05-05 13:22:39.345+0000 INFO  [o.n.k.i.DiagnosticsManager]:  [loader.1] file:/System/Library/Java/Extensions/j3dcore.jar
2015-05-05 13:22:39.345+0000 INFO  [o.n.k.i.DiagnosticsManager]:  [loader.0] file:/Users/Mat/Dropbox/University/Masters/COMP90024/Assessment/Assignment%20Two/COMP90024-Twitter-Project/GraphAPI/db/neo4j/development/system/lib/jackson-jaxrs-1.9.13.jar
2015-05-05 13:22:39.345+0000 INFO  [o.n.k.i.DiagnosticsManager]:  [loader.1] file:/usr/lib/java/libjdns_sd.jnilib
2015-05-05 13:22:39.345+0000 INFO  [o.n.k.i.DiagnosticsManager]:  [loader.1] file:/Library/Java/JavaVirtualMachines/jdk1.7.0_79.jdk/Contents/Home/jre/lib/ext/dnsns.jar
2015-05-05 13:22:39.345+0000 INFO  [o.n.k.i.DiagnosticsManager]:  [classpath] /Users/Mat/Dropbox/University/Masters/COMP90024/Assessment/Assignment Two/COMP90024-Twitter-Project/GraphAPI/db/neo4j/development/system/lib/rrd4j-2.2.jar
2015-05-05 13:22:39.345+0000 INFO  [o.n.k.i.DiagnosticsManager]:  [bootstrap] /Library/Java/JavaVirtualMachines/jdk1.7.0_79.jdk/Contents/Home/jre/lib/jsse.jar
2015-05-05 13:22:39.345+0000 INFO  [o.n.k.i.DiagnosticsManager]:  [loader.0] file:/Users/Mat/Dropbox/University/Masters/COMP90024/Assessment/Assignment%20Two/COMP90024-Twitter-Project/GraphAPI/db/neo4j/development/lib/neo4j-graph-algo-2.2.0-M02.jar
2015-05-05 13:22:39.346+0000 INFO  [o.n.k.i.DiagnosticsManager]:  [bootstrap] /Library/Java/JavaVirtualMachines/jdk1.7.0_79.jdk/Contents/Home/jre/lib/resources.jar
2015-05-05 13:22:39.346+0000 INFO  [o.n.k.i.DiagnosticsManager]:  [classpath] /Users/Mat/Dropbox/University/Masters/COMP90024/Assessment/Assignment Two/COMP90024-Twitter-Project/GraphAPI/db/neo4j/development/lib/concurrentlinkedhashmap-lru-1.4.jar
2015-05-05 13:22:39.346+0000 INFO  [o.n.k.i.DiagnosticsManager]:  [loader.1] file:/System/Library/Java/Extensions/jai_core.jar
2015-05-05 13:22:39.346+0000 INFO  [o.n.k.i.DiagnosticsManager]:  [classpath] /Users/Mat/Dropbox/University/Masters/COMP90024/Assessment/Assignment Two/COMP90024-Twitter-Project/GraphAPI/db/neo4j/development/lib/neo4j-cypher-compiler-1.9-2.0.4.jar
2015-05-05 13:22:39.346+0000 INFO  [o.n.k.i.DiagnosticsManager]:  [classpath] /Users/Mat/Dropbox/University/Masters/COMP90024/Assessment/Assignment Two/COMP90024-Twitter-Project/GraphAPI/db/neo4j/development/system/lib/neo4j-server-2.2.0-M02-static-web.jar
2015-05-05 13:22:39.346+0000 INFO  [o.n.k.i.DiagnosticsManager]:  [classpath] /Users/Mat/Dropbox/University/Masters/COMP90024/Assessment/Assignment Two/COMP90024-Twitter-Project/GraphAPI/db/neo4j/development/lib/neo4j-lucene-index-2.2.0-M02.jar
2015-05-05 13:22:39.346+0000 INFO  [o.n.k.i.DiagnosticsManager]:  [classpath] /Users/Mat/Dropbox/University/Masters/COMP90024/Assessment/Assignment Two/COMP90024-Twitter-Project/GraphAPI/db/neo4j/development/lib/neo4j-import-tool-2.2.0-M02.jar
2015-05-05 13:22:39.346+0000 INFO  [o.n.k.i.DiagnosticsManager]:  [classpath] /Users/Mat/Dropbox/University/Masters/COMP90024/Assessment/Assignment Two/COMP90024-Twitter-Project/GraphAPI/db/neo4j/development/system/lib/jersey-server-1.18.1.jar
2015-05-05 13:22:39.346+0000 INFO  [o.n.k.i.DiagnosticsManager]:  [classpath] /Users/Mat/Dropbox/University/Masters/COMP90024/Assessment/Assignment Two/COMP90024-Twitter-Project/GraphAPI/db/neo4j/development/system/lib/slf4j-api-1.7.7.jar
2015-05-05 13:22:39.346+0000 INFO  [o.n.k.i.DiagnosticsManager]:  [loader.0] file:/Users/Mat/Dropbox/University/Masters/COMP90024/Assessment/Assignment%20Two/COMP90024-Twitter-Project/GraphAPI/db/neo4j/development/lib/parboiled-scala_2.10-1.1.6.jar
2015-05-05 13:22:39.346+0000 INFO  [o.n.k.i.DiagnosticsManager]:  [classpath] /Users/Mat/Dropbox/University/Masters/COMP90024/Assessment/Assignment Two/COMP90024-Twitter-Project/GraphAPI/db/neo4j/development/lib/parboiled-core-1.1.6.jar
2015-05-05 13:22:39.346+0000 INFO  [o.n.k.i.DiagnosticsManager]:  [classpath] /Users/Mat/Dropbox/University/Masters/COMP90024/Assessment/Assignment Two/COMP90024-Twitter-Project/GraphAPI/db/neo4j/development/lib/neo4j-shell-2.2.0-M02.jar
2015-05-05 13:22:39.346+0000 INFO  [o.n.k.i.DiagnosticsManager]:  [loader.0] file:/Users/Mat/Dropbox/University/Masters/COMP90024/Assessment/Assignment%20Two/COMP90024-Twitter-Project/GraphAPI/db/neo4j/development/conf/
2015-05-05 13:22:39.346+0000 INFO  [o.n.k.i.DiagnosticsManager]:  [loader.0] file:/Users/Mat/Dropbox/University/Masters/COMP90024/Assessment/Assignment%20Two/COMP90024-Twitter-Project/GraphAPI/db/neo4j/development/system/lib/rrd4j-2.2.jar
2015-05-05 13:22:39.346+0000 INFO  [o.n.k.i.DiagnosticsManager]:  [loader.0] file:/Users/Mat/Dropbox/University/Masters/COMP90024/Assessment/Assignment%20Two/COMP90024-Twitter-Project/GraphAPI/db/neo4j/development/lib/neo4j-kernel-2.2.0-M02.jar
2015-05-05 13:22:39.346+0000 INFO  [o.n.k.i.DiagnosticsManager]:  [loader.0] file:/Users/Mat/Dropbox/University/Masters/COMP90024/Assessment/Assignment%20Two/COMP90024-Twitter-Project/GraphAPI/db/neo4j/development/lib/neo4j-graph-matching-2.2.0-M02.jar
2015-05-05 13:22:39.346+0000 INFO  [o.n.k.i.DiagnosticsManager]:  [classpath] /Users/Mat/Dropbox/University/Masters/COMP90024/Assessment/Assignment Two/COMP90024-Twitter-Project/GraphAPI/db/neo4j/development/system/lib/jetty-io-9.2.1.v20140609.jar
2015-05-05 13:22:39.346+0000 INFO  [o.n.k.i.DiagnosticsManager]:  [loader.0] file:/Users/Mat/Dropbox/University/Masters/COMP90024/Assessment/Assignment%20Two/COMP90024-Twitter-Project/GraphAPI/db/neo4j/development/system/lib/commons-io-2.4.jar
2015-05-05 13:22:39.346+0000 INFO  [o.n.k.i.DiagnosticsManager]:  [loader.0] file:/Users/Mat/Dropbox/University/Masters/COMP90024/Assessment/Assignment%20Two/COMP90024-Twitter-Project/GraphAPI/db/neo4j/development/system/lib/javax.servlet-api-3.1.0.jar
2015-05-05 13:22:39.346+0000 INFO  [o.n.k.i.DiagnosticsManager]:  [classpath] /Users/Mat/Dropbox/University/Masters/COMP90024/Assessment/Assignment Two/COMP90024-Twitter-Project/GraphAPI/db/neo4j/development/system/lib/mimepull-1.9.3.jar
2015-05-05 13:22:39.346+0000 INFO  [o.n.k.i.DiagnosticsManager]:  [loader.0] file:/Users/Mat/Dropbox/University/Masters/COMP90024/Assessment/Assignment%20Two/COMP90024-Twitter-Project/GraphAPI/db/neo4j/development/lib/neo4j-cypher-2.2.0-M02.jar
2015-05-05 13:22:39.346+0000 INFO  [o.n.k.i.DiagnosticsManager]:  [classpath] /Users/Mat/Dropbox/University/Masters/COMP90024/Assessment/Assignment Two/COMP90024-Twitter-Project/GraphAPI/db/neo4j/development/lib/neo4j-io-2.2.0-M02.jar
2015-05-05 13:22:39.346+0000 INFO  [o.n.k.i.DiagnosticsManager]:  [loader.0] file:/Users/Mat/Dropbox/University/Masters/COMP90024/Assessment/Assignment%20Two/COMP90024-Twitter-Project/GraphAPI/db/neo4j/development/lib/neo4j-io-2.2.0-M02.jar
2015-05-05 13:22:39.346+0000 INFO  [o.n.k.i.DiagnosticsManager]:  [classpath] /Users/Mat/Dropbox/University/Masters/COMP90024/Assessment/Assignment Two/COMP90024-Twitter-Project/GraphAPI/db/neo4j/development/system/lib/commons-compiler-2.6.1.jar
2015-05-05 13:22:39.346+0000 INFO  [o.n.k.i.DiagnosticsManager]:  [loader.0] file:/Users/Mat/Dropbox/University/Masters/COMP90024/Assessment/Assignment%20Two/COMP90024-Twitter-Project/GraphAPI/db/neo4j/development/system/lib/jersey-core-1.18.1.jar
2015-05-05 13:22:39.346+0000 INFO  [o.n.k.i.DiagnosticsManager]:  [classpath] /Users/Mat/Dropbox/University/Masters/COMP90024/Assessment/Assignment Two/COMP90024-Twitter-Project/GraphAPI/db/neo4j/development/lib/neo4j-graph-matching-2.2.0-M02.jar
2015-05-05 13:22:39.346+0000 INFO  [o.n.k.i.DiagnosticsManager]:  [classpath] /Users/Mat/Dropbox/University/Masters/COMP90024/Assessment/Assignment Two/COMP90024-Twitter-Project/GraphAPI/db/neo4j/development/lib/neo4j-jmx-2.2.0-M02.jar
2015-05-05 13:22:39.347+0000 INFO  [o.n.k.i.DiagnosticsManager]:  [classpath] /Users/Mat/Dropbox/University/Masters/COMP90024/Assessment/Assignment Two/COMP90024-Twitter-Project/GraphAPI/db/neo4j/development/system/lib/jersey-multipart-1.18.1.jar
2015-05-05 13:22:39.347+0000 INFO  [o.n.k.i.DiagnosticsManager]:  [loader.0] file:/Users/Mat/Dropbox/University/Masters/COMP90024/Assessment/Assignment%20Two/COMP90024-Twitter-Project/GraphAPI/db/neo4j/development/system/lib/commons-lang-2.6.jar
2015-05-05 13:22:39.347+0000 INFO  [o.n.k.i.DiagnosticsManager]:  [loader.0] file:/Users/Mat/Dropbox/University/Masters/COMP90024/Assessment/Assignment%20Two/COMP90024-Twitter-Project/GraphAPI/db/neo4j/development/lib/neo4j-lucene-index-2.2.0-M02.jar
2015-05-05 13:22:39.347+0000 INFO  [o.n.k.i.DiagnosticsManager]:  [loader.1] file:/System/Library/Java/Extensions/AppleScriptEngine.jar
2015-05-05 13:22:39.347+0000 INFO  [o.n.k.i.DiagnosticsManager]:  [bootstrap] /Library/Java/JavaVirtualMachines/jdk1.7.0_79.jdk/Contents/Home/jre/lib/sunrsasign.jar
2015-05-05 13:22:39.347+0000 INFO  [o.n.k.i.DiagnosticsManager]:  [classpath] /Users/Mat/Dropbox/University/Masters/COMP90024/Assessment/Assignment Two/COMP90024-Twitter-Project/GraphAPI/db/neo4j/development/lib/neo4j-cypher-compiler-2.0-2.0.4.jar
2015-05-05 13:22:39.347+0000 INFO  [o.n.k.i.DiagnosticsManager]:  [classpath] /Users/Mat/Dropbox/University/Masters/COMP90024/Assessment/Assignment Two/COMP90024-Twitter-Project/GraphAPI/db/neo4j/development/system/lib/janino-2.6.1.jar
2015-05-05 13:22:39.347+0000 INFO  [o.n.k.i.DiagnosticsManager]:  [loader.1] file:/Library/Java/JavaVirtualMachines/jdk1.7.0_79.jdk/Contents/Home/jre/lib/ext/localedata.jar
2015-05-05 13:22:39.347+0000 INFO  [o.n.k.i.DiagnosticsManager]:  [classpath] /Users/Mat/Dropbox/University/Masters/COMP90024/Assessment/Assignment Two/COMP90024-Twitter-Project/GraphAPI/db/neo4j/development/system/lib/logback-classic-1.1.2.jar
2015-05-05 13:22:39.347+0000 INFO  [o.n.k.i.DiagnosticsManager]:  [loader.0] file:/Users/Mat/Dropbox/University/Masters/COMP90024/Assessment/Assignment%20Two/COMP90024-Twitter-Project/GraphAPI/db/neo4j/development/system/lib/jersey-server-1.18.1.jar
2015-05-05 13:22:39.347+0000 INFO  [o.n.k.i.DiagnosticsManager]:  [classpath] /Users/Mat/Dropbox/University/Masters/COMP90024/Assessment/Assignment Two/COMP90024-Twitter-Project/GraphAPI/db/neo4j/development/lib/opencsv-2.3.jar
2015-05-05 13:22:39.347+0000 INFO  [o.n.k.i.DiagnosticsManager]:  [loader.0] file:/Users/Mat/Dropbox/University/Masters/COMP90024/Assessment/Assignment%20Two/COMP90024-Twitter-Project/GraphAPI/db/neo4j/development/system/lib/mimepull-1.9.3.jar
2015-05-05 13:22:39.347+0000 INFO  [o.n.k.i.DiagnosticsManager]:  [classpath] /Users/Mat/Dropbox/University/Masters/COMP90024/Assessment/Assignment Two/COMP90024-Twitter-Project/GraphAPI/db/neo4j/development/system/lib/jersey-core-1.18.1.jar
2015-05-05 13:22:39.347+0000 INFO  [o.n.k.i.DiagnosticsManager]:  [loader.0] file:/Users/Mat/Dropbox/University/Masters/COMP90024/Assessment/Assignment%20Two/COMP90024-Twitter-Project/GraphAPI/db/neo4j/development/system/lib/jetty-server-9.2.1.v20140609.jar
2015-05-05 13:22:39.347+0000 INFO  [o.n.k.i.DiagnosticsManager]:  [classpath] /Users/Mat/Dropbox/University/Masters/COMP90024/Assessment/Assignment Two/COMP90024-Twitter-Project/GraphAPI/db/neo4j/development/lib/parboiled-scala_2.10-1.1.6.jar
2015-05-05 13:22:39.347+0000 INFO  [o.n.k.i.DiagnosticsManager]:  [loader.1] file:/System/Library/Java/Extensions/dns_sd.jar
2015-05-05 13:22:39.347+0000 INFO  [o.n.k.i.DiagnosticsManager]:  [loader.0] file:/Users/Mat/Dropbox/University/Masters/COMP90024/Assessment/Assignment%20Two/COMP90024-Twitter-Project/GraphAPI/db/neo4j/development/system/lib/logback-classic-1.1.2.jar
2015-05-05 13:22:39.347+0000 INFO  [o.n.k.i.DiagnosticsManager]:  [loader.0] file:/Users/Mat/Dropbox/University/Masters/COMP90024/Assessment/Assignment%20Two/COMP90024-Twitter-Project/GraphAPI/db/neo4j/development/system/lib/bcprov-jdk16-140.jar
2015-05-05 13:22:39.347+0000 INFO  [o.n.k.i.DiagnosticsManager]:  [loader.1] file:/System/Library/Java/Extensions/MRJToolkit.jar
2015-05-05 13:22:39.347+0000 INFO  [o.n.k.i.DiagnosticsManager]:  [loader.0] file:/Users/Mat/Dropbox/University/Masters/COMP90024/Assessment/Assignment%20Two/COMP90024-Twitter-Project/GraphAPI/db/neo4j/development/system/lib/jcl-over-slf4j-1.7.7.jar
2015-05-05 13:22:39.347+0000 INFO  [o.n.k.i.DiagnosticsManager]:  [classpath] /Users/Mat/Dropbox/University/Masters/COMP90024/Assessment/Assignment Two/COMP90024-Twitter-Project/GraphAPI/db/neo4j/development/system/lib/scala-reflect-2.10.4.jar
2015-05-05 13:22:39.347+0000 INFO  [o.n.k.i.DiagnosticsManager]:  [classpath] /Users/Mat/Dropbox/University/Masters/COMP90024/Assessment/Assignment Two/COMP90024-Twitter-Project/GraphAPI/db/neo4j/development/system/lib/commons-digester-2.1.jar
2015-05-05 13:22:39.347+0000 INFO  [o.n.k.i.DiagnosticsManager]:  [classpath] /Users/Mat/Dropbox/University/Masters/COMP90024/Assessment/Assignment Two/COMP90024-Twitter-Project/GraphAPI/db/neo4j/development/system/lib/jackson-core-asl-1.9.13.jar
2015-05-05 13:22:39.347+0000 INFO  [o.n.k.i.DiagnosticsManager]:  [loader.1] file:/System/Library/Java/Extensions/libmlib_jai.jnilib
2015-05-05 13:22:39.347+0000 INFO  [o.n.k.i.DiagnosticsManager]:  [loader.0] file:/Users/Mat/Dropbox/University/Masters/COMP90024/Assessment/Assignment%20Two/COMP90024-Twitter-Project/GraphAPI/db/neo4j/development/system/lib/commons-configuration-1.10.jar
2015-05-05 13:22:39.347+0000 INFO  [o.n.k.i.DiagnosticsManager]:  [classpath] /Users/Mat/Dropbox/University/Masters/COMP90024/Assessment/Assignment Two/COMP90024-Twitter-Project/GraphAPI/db/neo4j/development/system/lib/jetty-xml-9.2.1.v20140609.jar
2015-05-05 13:22:39.347+0000 INFO  [o.n.k.i.DiagnosticsManager]:  [loader.0] file:/Users/Mat/Dropbox/University/Masters/COMP90024/Assessment/Assignment%20Two/COMP90024-Twitter-Project/GraphAPI/db/neo4j/development/system/lib/scala-reflect-2.10.4.jar
2015-05-05 13:22:39.347+0000 INFO  [o.n.k.i.DiagnosticsManager]:  [loader.0] file:/Users/Mat/Dropbox/University/Masters/COMP90024/Assessment/Assignment%20Two/COMP90024-Twitter-Project/GraphAPI/db/neo4j/development/lib/neo4j-import-tool-2.2.0-M02.jar
2015-05-05 13:22:39.348+0000 INFO  [o.n.k.i.DiagnosticsManager]:  [loader.0] file:/Users/Mat/Dropbox/University/Masters/COMP90024/Assessment/Assignment%20Two/COMP90024-Twitter-Project/GraphAPI/db/neo4j/development/lib/neo4j-consistency-check-2.2.0-M02.jar
2015-05-05 13:22:39.348+0000 INFO  [o.n.k.i.DiagnosticsManager]:  [loader.0] file:/Users/Mat/Dropbox/University/Masters/COMP90024/Assessment/Assignment%20Two/COMP90024-Twitter-Project/GraphAPI/db/neo4j/development/system/lib/commons-logging-1.1.1.jar
2015-05-05 13:22:39.348+0000 INFO  [o.n.k.i.DiagnosticsManager]:  [loader.0] file:/Users/Mat/Dropbox/University/Masters/COMP90024/Assessment/Assignment%20Two/COMP90024-Twitter-Project/GraphAPI/db/neo4j/development/lib/neo4j-udc-2.2.0-M02.jar
2015-05-05 13:22:39.348+0000 INFO  [o.n.k.i.DiagnosticsManager]:  [loader.0] file:/Users/Mat/Dropbox/University/Masters/COMP90024/Assessment/Assignment%20Two/COMP90024-Twitter-Project/GraphAPI/db/neo4j/development/lib/lucene-core-3.6.2.jar
2015-05-05 13:22:39.348+0000 INFO  [o.n.k.i.DiagnosticsManager]:  [loader.0] file:/Users/Mat/Dropbox/University/Masters/COMP90024/Assessment/Assignment%20Two/COMP90024-Twitter-Project/GraphAPI/db/neo4j/development/lib/neo4j-cypher-compiler-2.2-2.2.0-M02.jar
2015-05-05 13:22:39.348+0000 INFO  [o.n.k.i.DiagnosticsManager]:  [loader.1] file:/System/Library/Java/Extensions/mlibwrapper_jai.jar
2015-05-05 13:22:39.348+0000 INFO  [o.n.k.i.DiagnosticsManager]:  [classpath] /Users/Mat/Dropbox/University/Masters/COMP90024/Assessment/Assignment Two/COMP90024-Twitter-Project/GraphAPI/db/neo4j/development/lib/lucene-core-3.6.2.jar
2015-05-05 13:22:39.348+0000 INFO  [o.n.k.i.DiagnosticsManager]:  [loader.0] file:/Users/Mat/Dropbox/University/Masters/COMP90024/Assessment/Assignment%20Two/COMP90024-Twitter-Project/GraphAPI/db/neo4j/development/system/lib/neo4j-server-2.2.0-M02-static-web.jar
2015-05-05 13:22:39.348+0000 INFO  [o.n.k.i.DiagnosticsManager]:  [loader.0] file:/Users/Mat/Dropbox/University/Masters/COMP90024/Assessment/Assignment%20Two/COMP90024-Twitter-Project/GraphAPI/db/neo4j/development/system/lib/commons-digester-2.1.jar
2015-05-05 13:22:39.348+0000 INFO  [o.n.k.i.DiagnosticsManager]:  [classpath] /Users/Mat/Dropbox/University/Masters/COMP90024/Assessment/Assignment Two/COMP90024-Twitter-Project/GraphAPI/db/neo4j/development/lib/org.apache.servicemix.bundles.jline-0.9.94_1.jar
2015-05-05 13:22:39.348+0000 INFO  [o.n.k.i.DiagnosticsManager]:  [loader.0] file:/Users/Mat/Dropbox/University/Masters/COMP90024/Assessment/Assignment%20Two/COMP90024-Twitter-Project/GraphAPI/db/neo4j/development/system/lib/commons-beanutils-1.8.3.jar
2015-05-05 13:22:39.348+0000 INFO  [o.n.k.i.DiagnosticsManager]:  [loader.0] file:/Users/Mat/Dropbox/University/Masters/COMP90024/Assessment/Assignment%20Two/COMP90024-Twitter-Project/GraphAPI/db/neo4j/development/system/lib/rhino-1.7R4.jar
2015-05-05 13:22:39.348+0000 INFO  [o.n.k.i.DiagnosticsManager]:  [loader.0] file:/Users/Mat/Dropbox/University/Masters/COMP90024/Assessment/Assignment%20Two/COMP90024-Twitter-Project/GraphAPI/db/neo4j/development/system/lib/jetty-xml-9.2.1.v20140609.jar
2015-05-05 13:22:39.348+0000 INFO  [o.n.k.i.DiagnosticsManager]:  [classpath] /Users/Mat/Dropbox/University/Masters/COMP90024/Assessment/Assignment Two/COMP90024-Twitter-Project/GraphAPI/db/neo4j/development/system/lib/jersey-servlet-1.18.1.jar
2015-05-05 13:22:39.348+0000 INFO  [o.n.k.i.DiagnosticsManager]:  [loader.1] file:/System/Library/Java/Extensions/libJ3DAudio.jnilib
2015-05-05 13:22:39.348+0000 INFO  [o.n.k.i.DiagnosticsManager]:  [loader.1] file:/System/Library/Java/Extensions/libAppleScriptEngine.jnilib
2015-05-05 13:22:39.348+0000 INFO  [o.n.k.i.DiagnosticsManager]:  [classpath] /Users/Mat/Dropbox/University/Masters/COMP90024/Assessment/Assignment Two/COMP90024-Twitter-Project/GraphAPI/db/neo4j/development/system/lib/commons-lang-2.6.jar
2015-05-05 13:22:39.348+0000 INFO  [o.n.k.i.DiagnosticsManager]:  [loader.0] file:/Users/Mat/Dropbox/University/Masters/COMP90024/Assessment/Assignment%20Two/COMP90024-Twitter-Project/GraphAPI/db/neo4j/development/system/lib/jersey-multipart-1.18.1.jar
2015-05-05 13:22:39.348+0000 INFO  [o.n.k.i.DiagnosticsManager]:  [loader.1] file:/System/Library/Java/Extensions/libJ3DUtils.jnilib
2015-05-05 13:22:39.348+0000 INFO  [o.n.k.i.DiagnosticsManager]:  [loader.0] file:/Users/Mat/Dropbox/University/Masters/COMP90024/Assessment/Assignment%20Two/COMP90024-Twitter-Project/GraphAPI/db/neo4j/development/system/lib/jetty-servlet-9.2.1.v20140609.jar
2015-05-05 13:22:39.348+0000 INFO  [o.n.k.i.DiagnosticsManager]:  [classpath] /Users/Mat/Dropbox/University/Masters/COMP90024/Assessment/Assignment Two/COMP90024-Twitter-Project/GraphAPI/db/neo4j/development/system/lib/commons-beanutils-1.8.3.jar
2015-05-05 13:22:39.348+0000 INFO  [o.n.k.i.DiagnosticsManager]:  [loader.0] file:/Users/Mat/Dropbox/University/Masters/COMP90024/Assessment/Assignment%20Two/COMP90024-Twitter-Project/GraphAPI/db/neo4j/development/system/lib/jackson-core-asl-1.9.13.jar
2015-05-05 13:22:39.348+0000 INFO  [o.n.k.i.DiagnosticsManager]:  [classpath] /Users/Mat/Dropbox/University/Masters/COMP90024/Assessment/Assignment Two/COMP90024-Twitter-Project/GraphAPI/db/neo4j/development/lib/neo4j-consistency-check-2.2.0-M02.jar
2015-05-05 13:22:39.348+0000 INFO  [o.n.k.i.DiagnosticsManager]:  [loader.1] file:/Library/Java/JavaVirtualMachines/jdk1.7.0_79.jdk/Contents/Home/jre/lib/ext/sunjce_provider.jar
2015-05-05 13:22:39.348+0000 INFO  [o.n.k.i.DiagnosticsManager]:  [classpath] /Users/Mat/Dropbox/University/Masters/COMP90024/Assessment/Assignment Two/COMP90024-Twitter-Project/GraphAPI/db/neo4j/development/system/lib/bcprov-jdk16-140.jar
2015-05-05 13:22:39.348+0000 INFO  [o.n.k.i.DiagnosticsManager]:  [classpath] /Users/Mat/Dropbox/University/Masters/COMP90024/Assessment/Assignment Two/COMP90024-Twitter-Project/GraphAPI/db/neo4j/development/system/lib/rhino-1.7R4.jar
2015-05-05 13:22:39.348+0000 INFO  [o.n.k.i.DiagnosticsManager]:  [loader.0] file:/Users/Mat/Dropbox/University/Masters/COMP90024/Assessment/Assignment%20Two/COMP90024-Twitter-Project/GraphAPI/db/neo4j/development/system/lib/logback-core-1.1.2.jar
2015-05-05 13:22:39.349+0000 INFO  [o.n.k.i.DiagnosticsManager]:  [loader.1] file:/System/Library/Java/Extensions/j3dutils.jar
2015-05-05 13:22:39.349+0000 INFO  [o.n.k.i.DiagnosticsManager]:  [classpath] /Users/Mat/Dropbox/University/Masters/COMP90024/Assessment/Assignment Two/COMP90024-Twitter-Project/GraphAPI/db/neo4j/development/system/lib/jcl-over-slf4j-1.7.7.jar
2015-05-05 13:22:39.349+0000 INFO  [o.n.k.i.DiagnosticsManager]:  [classpath] /Users/Mat/Dropbox/University/Masters/COMP90024/Assessment/Assignment Two/COMP90024-Twitter-Project/GraphAPI/db/neo4j/development/system/lib/jetty-util-9.2.1.v20140609.jar
2015-05-05 13:22:39.349+0000 INFO  [o.n.k.i.DiagnosticsManager]:  [loader.0] file:/Users/Mat/Dropbox/University/Masters/COMP90024/Assessment/Assignment%20Two/COMP90024-Twitter-Project/GraphAPI/db/neo4j/development/system/lib/neo4j-browser-2.2.0-M02.jar
2015-05-05 13:22:39.349+0000 INFO  [o.n.k.i.DiagnosticsManager]:  [classpath] /Users/Mat/Dropbox/University/Masters/COMP90024/Assessment/Assignment Two/COMP90024-Twitter-Project/GraphAPI/db/neo4j/development/lib/neo4j-udc-2.2.0-M02.jar
2015-05-05 13:22:39.349+0000 INFO  [o.n.k.i.DiagnosticsManager]:  [classpath] /Users/Mat/Dropbox/University/Masters/COMP90024/Assessment/Assignment Two/COMP90024-Twitter-Project/GraphAPI/db/neo4j/development/system/lib/jetty-http-9.2.1.v20140609.jar
2015-05-05 13:22:39.349+0000 INFO  [o.n.k.i.DiagnosticsManager]:  [classpath] /Users/Mat/Dropbox/University/Masters/COMP90024/Assessment/Assignment Two/COMP90024-Twitter-Project/GraphAPI/db/neo4j/development/system/lib/jetty-webapp-9.2.1.v20140609.jar
2015-05-05 13:22:39.349+0000 INFO  [o.n.k.i.DiagnosticsManager]:  [loader.0] file:/Users/Mat/Dropbox/University/Masters/COMP90024/Assessment/Assignment%20Two/COMP90024-Twitter-Project/GraphAPI/db/neo4j/development/system/lib/logback-access-1.1.2.jar
2015-05-05 13:22:39.349+0000 INFO  [o.n.k.i.DiagnosticsManager]:  [loader.0] file:/Users/Mat/Dropbox/University/Masters/COMP90024/Assessment/Assignment%20Two/COMP90024-Twitter-Project/GraphAPI/db/neo4j/development/system/lib/jetty-http-9.2.1.v20140609.jar
2015-05-05 13:22:39.349+0000 INFO  [o.n.k.i.DiagnosticsManager]:  [loader.1] file:/System/Library/Java/Extensions/jai_codec.jar
2015-05-05 13:22:39.349+0000 INFO  [o.n.k.i.DiagnosticsManager]:  [loader.0] file:/Users/Mat/Dropbox/University/Masters/COMP90024/Assessment/Assignment%20Two/COMP90024-Twitter-Project/GraphAPI/db/neo4j/development/system/lib/jetty-util-9.2.1.v20140609.jar
2015-05-05 13:22:39.349+0000 INFO  [o.n.k.i.DiagnosticsManager]:  [classpath] /Users/Mat/Dropbox/University/Masters/COMP90024/Assessment/Assignment Two/COMP90024-Twitter-Project/GraphAPI/db/neo4j/development/system/lib/jetty-security-9.2.1.v20140609.jar
2015-05-05 13:22:39.349+0000 INFO  [o.n.k.i.DiagnosticsManager]:  [classpath] /Users/Mat/Dropbox/University/Masters/COMP90024/Assessment/Assignment Two/COMP90024-Twitter-Project/GraphAPI/db/neo4j/development/system/lib/javax.servlet-api-3.1.0.jar
2015-05-05 13:22:39.349+0000 INFO  [o.n.k.i.DiagnosticsManager]:  [classpath] /Users/Mat/Dropbox/University/Masters/COMP90024/Assessment/Assignment Two/COMP90024-Twitter-Project/GraphAPI/db/neo4j/development/system/lib/jsr311-api-1.1.2.r612.jar
2015-05-05 13:22:39.349+0000 INFO  [o.n.k.i.DiagnosticsManager]:  [classpath] /Users/Mat/Dropbox/University/Masters/COMP90024/Assessment/Assignment Two/COMP90024-Twitter-Project/GraphAPI/db/neo4j/development/lib/server-api-2.2.0-M02.jar
2015-05-05 13:22:39.349+0000 INFO  [o.n.k.i.DiagnosticsManager]:  [classpath] /Users/Mat/Dropbox/University/Masters/COMP90024/Assessment/Assignment Two/COMP90024-Twitter-Project/GraphAPI/db/neo4j/development/lib/neo4j-cypher-compiler-2.1-2.1.6.jar
2015-05-05 13:22:39.349+0000 INFO  [o.n.k.i.DiagnosticsManager]:  [bootstrap] /Library/Java/JavaVirtualMachines/jdk1.7.0_79.jdk/Contents/Home/jre/lib/charsets.jar
2015-05-05 13:22:39.349+0000 INFO  [o.n.k.i.DiagnosticsManager]:  [loader.0] file:/Users/Mat/Dropbox/University/Masters/COMP90024/Assessment/Assignment%20Two/COMP90024-Twitter-Project/GraphAPI/db/neo4j/development/lib/neo4j-cypher-compiler-2.1-2.1.6.jar
2015-05-05 13:22:39.349+0000 INFO  [o.n.k.i.DiagnosticsManager]:  [classpath] /Users/Mat/Dropbox/University/Masters/COMP90024/Assessment/Assignment Two/COMP90024-Twitter-Project/GraphAPI/db/neo4j/development/lib/neo4j-cypher-2.2.0-M02.jar
2015-05-05 13:22:39.349+0000 INFO  [o.n.k.i.DiagnosticsManager]:  [loader.0] file:/Users/Mat/Dropbox/University/Masters/COMP90024/Assessment/Assignment%20Two/COMP90024-Twitter-Project/GraphAPI/db/neo4j/development/system/lib/jersey-servlet-1.18.1.jar
2015-05-05 13:22:39.349+0000 INFO  [o.n.k.i.DiagnosticsManager]:  [classpath] /Users/Mat/Dropbox/University/Masters/COMP90024/Assessment/Assignment Two/COMP90024-Twitter-Project/GraphAPI/db/neo4j/development/system/lib/jackson-mapper-asl-1.9.13.jar
2015-05-05 13:22:39.349+0000 INFO  [o.n.k.i.DiagnosticsManager]:  [classpath] /Users/Mat/Dropbox/University/Masters/COMP90024/Assessment/Assignment Two/COMP90024-Twitter-Project/GraphAPI/db/neo4j/development/system/lib/commons-io-2.4.jar
2015-05-05 13:22:39.349+0000 INFO  [o.n.k.i.DiagnosticsManager]:  [classpath] /Users/Mat/Dropbox/University/Masters/COMP90024/Assessment/Assignment Two/COMP90024-Twitter-Project/GraphAPI/db/neo4j/development/conf
2015-05-05 13:22:39.349+0000 INFO  [o.n.k.i.DiagnosticsManager]:  [classpath] /Users/Mat/Dropbox/University/Masters/COMP90024/Assessment/Assignment Two/COMP90024-Twitter-Project/GraphAPI/db/neo4j/development/system/lib/neo4j-browser-2.2.0-M02.jar
2015-05-05 13:22:39.349+0000 INFO  [o.n.k.i.DiagnosticsManager]:  [classpath] /Users/Mat/Dropbox/University/Masters/COMP90024/Assessment/Assignment Two/COMP90024-Twitter-Project/GraphAPI/db/neo4j/development/system/lib/logback-access-1.1.2.jar
2015-05-05 13:22:39.349+0000 INFO  [o.n.k.i.DiagnosticsManager]:  [loader.0] file:/Users/Mat/Dropbox/University/Masters/COMP90024/Assessment/Assignment%20Two/COMP90024-Twitter-Project/GraphAPI/db/neo4j/development/system/lib/jackson-mapper-asl-1.9.13.jar
2015-05-05 13:22:39.350+0000 INFO  [o.n.k.i.DiagnosticsManager]:  [classpath] /Users/Mat/Dropbox/University/Masters/COMP90024/Assessment/Assignment Two/COMP90024-Twitter-Project/GraphAPI/db/neo4j/development/lib/neo4j-cypher-compiler-2.2-2.2.0-M02.jar
2015-05-05 13:22:39.350+0000 INFO  [o.n.k.i.DiagnosticsManager]:  [classpath] /Users/Mat/Dropbox/University/Masters/COMP90024/Assessment/Assignment Two/COMP90024-Twitter-Project/GraphAPI/db/neo4j/development/system/lib/commons-configuration-1.10.jar
2015-05-05 13:22:39.350+0000 INFO  [o.n.k.i.DiagnosticsManager]:  [bootstrap] /Library/Java/JavaVirtualMachines/jdk1.7.0_79.jdk/Contents/Home/jre/lib/jfr.jar
2015-05-05 13:22:39.350+0000 INFO  [o.n.k.i.DiagnosticsManager]:  [loader.1] file:/Library/Java/JavaVirtualMachines/jdk1.7.0_79.jdk/Contents/Home/jre/lib/ext/sunpkcs11.jar
2015-05-05 13:22:39.350+0000 INFO  [o.n.k.i.DiagnosticsManager]:  [loader.0] file:/Users/Mat/Dropbox/University/Masters/COMP90024/Assessment/Assignment%20Two/COMP90024-Twitter-Project/GraphAPI/db/neo4j/development/lib/server-api-2.2.0-M02.jar
2015-05-05 13:22:39.350+0000 INFO  [o.n.k.i.DiagnosticsManager]:  [bootstrap] /Library/Java/JavaVirtualMachines/jdk1.7.0_79.jdk/Contents/Home/jre/lib/rt.jar
2015-05-05 13:22:39.350+0000 INFO  [o.n.k.i.DiagnosticsManager]:  [loader.0] file:/Users/Mat/Dropbox/University/Masters/COMP90024/Assessment/Assignment%20Two/COMP90024-Twitter-Project/GraphAPI/db/neo4j/development/system/lib/jetty-webapp-9.2.1.v20140609.jar
2015-05-05 13:22:39.350+0000 INFO  [o.n.k.i.DiagnosticsManager]:  [loader.0] file:/Users/Mat/Dropbox/University/Masters/COMP90024/Assessment/Assignment%20Two/COMP90024-Twitter-Project/GraphAPI/db/neo4j/development/system/lib/jetty-security-9.2.1.v20140609.jar
2015-05-05 13:22:39.350+0000 INFO  [o.n.k.i.DiagnosticsManager]:  [loader.0] file:/Users/Mat/Dropbox/University/Masters/COMP90024/Assessment/Assignment%20Two/COMP90024-Twitter-Project/GraphAPI/db/neo4j/development/lib/neo4j-jmx-2.2.0-M02.jar
2015-05-05 13:22:39.350+0000 INFO  [o.n.k.i.DiagnosticsManager]:  [loader.0] file:/Users/Mat/Dropbox/University/Masters/COMP90024/Assessment/Assignment%20Two/COMP90024-Twitter-Project/GraphAPI/db/neo4j/development/lib/scala-library-2.10.4.jar
2015-05-05 13:22:39.350+0000 INFO  [o.n.k.i.DiagnosticsManager]:  [classpath] /Users/Mat/Dropbox/University/Masters/COMP90024/Assessment/Assignment Two/COMP90024-Twitter-Project/GraphAPI/db/neo4j/development/system/lib/neo4j-server-2.2.0-M02.jar
2015-05-05 13:22:39.350+0000 INFO  [o.n.k.i.DiagnosticsManager]:  [classpath] /Users/Mat/Dropbox/University/Masters/COMP90024/Assessment/Assignment Two/COMP90024-Twitter-Project/GraphAPI/db/neo4j/development/system/lib/jetty-server-9.2.1.v20140609.jar
2015-05-05 13:22:39.350+0000 INFO  [o.n.k.i.DiagnosticsManager]: Library path:
2015-05-05 13:22:39.350+0000 INFO  [o.n.k.i.DiagnosticsManager]: /Users/Mat/Library/Java/Extensions
2015-05-05 13:22:39.350+0000 INFO  [o.n.k.i.DiagnosticsManager]: /Library/Java/Extensions
2015-05-05 13:22:39.350+0000 INFO  [o.n.k.i.DiagnosticsManager]: /Network/Library/Java/Extensions
2015-05-05 13:22:39.350+0000 INFO  [o.n.k.i.DiagnosticsManager]: /System/Library/Java/Extensions
2015-05-05 13:22:39.350+0000 INFO  [o.n.k.i.DiagnosticsManager]: /usr/lib/java
2015-05-05 13:22:39.350+0000 INFO  [o.n.k.i.DiagnosticsManager]: /Users/Mat/Dropbox/University/Masters/COMP90024/Assessment/Assignment Two/COMP90024-Twitter-Project/GraphAPI/db/neo4j/development
2015-05-05 13:22:39.351+0000 INFO  [o.n.k.i.DiagnosticsManager]: System.properties:
2015-05-05 13:22:39.351+0000 INFO  [o.n.k.i.DiagnosticsManager]: sun.boot.library.path = /Library/Java/JavaVirtualMachines/jdk1.7.0_79.jdk/Contents/Home/jre/lib
2015-05-05 13:22:39.351+0000 INFO  [o.n.k.i.DiagnosticsManager]: user.country.format = AU
2015-05-05 13:22:39.351+0000 INFO  [o.n.k.i.DiagnosticsManager]: org.neo4j.server.properties = conf/neo4j-server.properties
2015-05-05 13:22:39.351+0000 INFO  [o.n.k.i.DiagnosticsManager]: gopherProxySet = false
2015-05-05 13:22:39.351+0000 INFO  [o.n.k.i.DiagnosticsManager]: path.separator = :
2015-05-05 13:22:39.351+0000 INFO  [o.n.k.i.DiagnosticsManager]: file.encoding.pkg = sun.io
2015-05-05 13:22:39.351+0000 INFO  [o.n.k.i.DiagnosticsManager]: user.country = US
2015-05-05 13:22:39.351+0000 INFO  [o.n.k.i.DiagnosticsManager]: sun.java.launcher = SUN_STANDARD
2015-05-05 13:22:39.351+0000 INFO  [o.n.k.i.DiagnosticsManager]: sun.os.patch.level = unknown
2015-05-05 13:22:39.351+0000 INFO  [o.n.k.i.DiagnosticsManager]: user.dir = /Users/Mat/Dropbox/University/Masters/COMP90024/Assessment/Assignment Two/COMP90024-Twitter-Project/GraphAPI/db/neo4j/development
2015-05-05 13:22:39.351+0000 INFO  [o.n.k.i.DiagnosticsManager]: log4j.configuration = file:conf/log4j.properties
2015-05-05 13:22:39.351+0000 INFO  [o.n.k.i.DiagnosticsManager]: sun.jnu.encoding = UTF-8
2015-05-05 13:22:39.351+0000 INFO  [o.n.k.i.DiagnosticsManager]: sun.management.compiler = HotSpot 64-Bit Tiered Compilers
2015-05-05 13:22:39.351+0000 INFO  [o.n.k.i.DiagnosticsManager]: http.nonProxyHosts = local|*.local|169.254/16|*.169.254/16
2015-05-05 13:22:39.351+0000 INFO  [o.n.k.i.DiagnosticsManager]: user.home = /Users/Mat
2015-05-05 13:22:39.351+0000 INFO  [o.n.k.i.DiagnosticsManager]: user.timezone = Australia/Melbourne
2015-05-05 13:22:39.351+0000 INFO  [o.n.k.i.DiagnosticsManager]: file.encoding = UTF-8
2015-05-05 13:22:39.351+0000 INFO  [o.n.k.i.DiagnosticsManager]: user.name = Mat
2015-05-05 13:22:39.352+0000 INFO  [o.n.k.i.DiagnosticsManager]: sun.java.command = org.neo4j.server.Bootstrapper
2015-05-05 13:22:39.352+0000 INFO  [o.n.k.i.DiagnosticsManager]: sun.arch.data.model = 64
2015-05-05 13:22:39.352+0000 INFO  [o.n.k.i.DiagnosticsManager]: user.language = en
2015-05-05 13:22:39.352+0000 INFO  [o.n.k.i.DiagnosticsManager]: awt.toolkit = sun.lwawt.macosx.LWCToolkit
2015-05-05 13:22:39.352+0000 INFO  [o.n.k.i.DiagnosticsManager]: file.separator = /
2015-05-05 13:22:39.352+0000 INFO  [o.n.k.i.DiagnosticsManager]: sun.io.unicode.encoding = UnicodeBig
2015-05-05 13:22:39.352+0000 INFO  [o.n.k.i.DiagnosticsManager]: sun.cpu.endian = little
2015-05-05 13:22:39.352+0000 INFO  [o.n.k.i.DiagnosticsManager]: socksNonProxyHosts = local|*.local|169.254/16|*.169.254/16
2015-05-05 13:22:39.352+0000 INFO  [o.n.k.i.DiagnosticsManager]: neo4j.instance = /Users/Mat/Dropbox/University/Masters/COMP90024/Assessment/Assignment Two/COMP90024-Twitter-Project/GraphAPI/db/neo4j/development
2015-05-05 13:22:39.352+0000 INFO  [o.n.k.i.DiagnosticsManager]: ftp.nonProxyHosts = local|*.local|169.254/16|*.169.254/16
2015-05-05 13:22:39.352+0000 INFO  [o.n.k.i.DiagnosticsManager]: neo4j.home = /Users/Mat/Dropbox/University/Masters/COMP90024/Assessment/Assignment Two/COMP90024-Twitter-Project/GraphAPI/db/neo4j/development
2015-05-05 13:22:39.352+0000 INFO  [o.n.k.i.DiagnosticsManager]: sun.cpu.isalist = 
2015-05-05 13:22:39.352+0000 INFO  [o.n.k.i.DiagnosticsManager]: Network information:
2015-05-05 13:22:39.355+0000 INFO  [o.n.k.i.DiagnosticsManager]: Interface awdl0:
2015-05-05 13:22:39.356+0000 INFO  [o.n.k.i.DiagnosticsManager]:     address: fe80:0:0:0:24c7:c4ff:fe89:7d4e%9
2015-05-05 13:22:39.356+0000 INFO  [o.n.k.i.DiagnosticsManager]: Interface en0:
2015-05-05 13:22:39.356+0000 INFO  [o.n.k.i.DiagnosticsManager]:     address: fe80:0:0:0:1610:9fff:fee6:36f%4
2015-05-05 13:22:39.356+0000 INFO  [o.n.k.i.DiagnosticsManager]:     address: 10.0.1.11
2015-05-05 13:22:39.356+0000 INFO  [o.n.k.i.DiagnosticsManager]: Interface lo0:
2015-05-05 13:22:39.356+0000 INFO  [o.n.k.i.DiagnosticsManager]:     address: fe80:0:0:0:0:0:0:1%1
2015-05-05 13:22:39.356+0000 INFO  [o.n.k.i.DiagnosticsManager]:     address: 0:0:0:0:0:0:0:1
2015-05-05 13:22:39.356+0000 INFO  [o.n.k.i.DiagnosticsManager]:     address: 127.0.0.1
2015-05-05 13:22:39.356+0000 INFO  [o.n.k.i.DiagnosticsManager]: --- INITIALIZED diagnostics END ---
2015-05-05 13:22:39.520+0000 INFO  [o.n.k.i.s.StoreFactory]: /Users/Mat/Dropbox/University/Masters/COMP90024/Assessment/Assignment Two/COMP90024-Twitter-Project/GraphAPI/db/neo4j/development/data/graph.db/neostore.relationshiptypestore.db.names non clean shutdown detected
2015-05-05 13:22:39.525+0000 INFO  [o.n.k.i.s.StoreFactory]: /Users/Mat/Dropbox/University/Masters/COMP90024/Assessment/Assignment Two/COMP90024-Twitter-Project/GraphAPI/db/neo4j/development/data/graph.db/neostore.relationshiptypestore.db non clean shutdown detected
2015-05-05 13:22:39.527+0000 INFO  [o.n.k.i.s.StoreFactory]: /Users/Mat/Dropbox/University/Masters/COMP90024/Assessment/Assignment Two/COMP90024-Twitter-Project/GraphAPI/db/neo4j/development/data/graph.db/neostore.labeltokenstore.db.names non clean shutdown detected
2015-05-05 13:22:39.530+0000 INFO  [o.n.k.i.s.StoreFactory]: /Users/Mat/Dropbox/University/Masters/COMP90024/Assessment/Assignment Two/COMP90024-Twitter-Project/GraphAPI/db/neo4j/development/data/graph.db/neostore.labeltokenstore.db non clean shutdown detected
2015-05-05 13:22:39.532+0000 INFO  [o.n.k.i.s.StoreFactory]: /Users/Mat/Dropbox/University/Masters/COMP90024/Assessment/Assignment Two/COMP90024-Twitter-Project/GraphAPI/db/neo4j/development/data/graph.db/neostore.propertystore.db.index.keys non clean shutdown detected
2015-05-05 13:22:39.534+0000 INFO  [o.n.k.i.s.StoreFactory]: /Users/Mat/Dropbox/University/Masters/COMP90024/Assessment/Assignment Two/COMP90024-Twitter-Project/GraphAPI/db/neo4j/development/data/graph.db/neostore.propertystore.db.index non clean shutdown detected
2015-05-05 13:22:39.536+0000 INFO  [o.n.k.i.s.StoreFactory]: /Users/Mat/Dropbox/University/Masters/COMP90024/Assessment/Assignment Two/COMP90024-Twitter-Project/GraphAPI/db/neo4j/development/data/graph.db/neostore.propertystore.db.strings non clean shutdown detected
2015-05-05 13:22:39.538+0000 INFO  [o.n.k.i.s.StoreFactory]: /Users/Mat/Dropbox/University/Masters/COMP90024/Assessment/Assignment Two/COMP90024-Twitter-Project/GraphAPI/db/neo4j/development/data/graph.db/neostore.propertystore.db.arrays non clean shutdown detected
2015-05-05 13:22:39.546+0000 INFO  [o.n.k.i.s.StoreFactory]: /Users/Mat/Dropbox/University/Masters/COMP90024/Assessment/Assignment Two/COMP90024-Twitter-Project/GraphAPI/db/neo4j/development/data/graph.db/neostore.propertystore.db non clean shutdown detected
2015-05-05 13:22:39.550+0000 INFO  [o.n.k.i.s.StoreFactory]: /Users/Mat/Dropbox/University/Masters/COMP90024/Assessment/Assignment Two/COMP90024-Twitter-Project/GraphAPI/db/neo4j/development/data/graph.db/neostore.relationshipstore.db non clean shutdown detected
2015-05-05 13:22:39.552+0000 INFO  [o.n.k.i.s.StoreFactory]: /Users/Mat/Dropbox/University/Masters/COMP90024/Assessment/Assignment Two/COMP90024-Twitter-Project/GraphAPI/db/neo4j/development/data/graph.db/neostore.nodestore.db.labels non clean shutdown detected
2015-05-05 13:22:39.555+0000 INFO  [o.n.k.i.s.StoreFactory]: /Users/Mat/Dropbox/University/Masters/COMP90024/Assessment/Assignment Two/COMP90024-Twitter-Project/GraphAPI/db/neo4j/development/data/graph.db/neostore.nodestore.db non clean shutdown detected
2015-05-05 13:22:39.557+0000 INFO  [o.n.k.i.s.StoreFactory]: /Users/Mat/Dropbox/University/Masters/COMP90024/Assessment/Assignment Two/COMP90024-Twitter-Project/GraphAPI/db/neo4j/development/data/graph.db/neostore.schemastore.db non clean shutdown detected
2015-05-05 13:22:39.558+0000 INFO  [o.n.k.i.s.StoreFactory]: /Users/Mat/Dropbox/University/Masters/COMP90024/Assessment/Assignment Two/COMP90024-Twitter-Project/GraphAPI/db/neo4j/development/data/graph.db/neostore.relationshipgroupstore.db non clean shutdown detected
2015-05-05 13:22:39.580+0000 INFO  [o.n.k.i.s.StoreFactory]: /Users/Mat/Dropbox/University/Masters/COMP90024/Assessment/Assignment Two/COMP90024-Twitter-Project/GraphAPI/db/neo4j/development/data/graph.db/neostore non clean shutdown detected
2015-05-05 13:22:39.801+0000 INFO  [o.n.k.i.s.StoreFactory]: /Users/Mat/Dropbox/University/Masters/COMP90024/Assessment/Assignment Two/COMP90024-Twitter-Project/GraphAPI/db/neo4j/development/data/graph.db/neostore.relationshiptypestore.db.names rebuild id generator, highId=1 defragged count=0
2015-05-05 13:22:39.803+0000 INFO  [o.n.k.i.s.StoreFactory]: /Users/Mat/Dropbox/University/Masters/COMP90024/Assessment/Assignment Two/COMP90024-Twitter-Project/GraphAPI/db/neo4j/development/data/graph.db/neostore.relationshiptypestore.db rebuild id generator, highId=0 defragged count=0
2015-05-05 13:22:39.806+0000 INFO  [o.n.k.i.s.StoreFactory]: /Users/Mat/Dropbox/University/Masters/COMP90024/Assessment/Assignment Two/COMP90024-Twitter-Project/GraphAPI/db/neo4j/development/data/graph.db/neostore.labeltokenstore.db.names rebuild id generator, highId=1 defragged count=0
2015-05-05 13:22:39.807+0000 INFO  [o.n.k.i.s.StoreFactory]: /Users/Mat/Dropbox/University/Masters/COMP90024/Assessment/Assignment Two/COMP90024-Twitter-Project/GraphAPI/db/neo4j/development/data/graph.db/neostore.labeltokenstore.db rebuild id generator, highId=0 defragged count=0
2015-05-05 13:22:39.810+0000 INFO  [o.n.k.i.s.StoreFactory]: /Users/Mat/Dropbox/University/Masters/COMP90024/Assessment/Assignment Two/COMP90024-Twitter-Project/GraphAPI/db/neo4j/development/data/graph.db/neostore.propertystore.db.index.keys rebuild id generator, highId=1 defragged count=0
2015-05-05 13:22:39.811+0000 INFO  [o.n.k.i.s.StoreFactory]: /Users/Mat/Dropbox/University/Masters/COMP90024/Assessment/Assignment Two/COMP90024-Twitter-Project/GraphAPI/db/neo4j/development/data/graph.db/neostore.propertystore.db.index rebuild id generator, highId=0 defragged count=0
2015-05-05 13:22:39.813+0000 INFO  [o.n.k.i.s.StoreFactory]: /Users/Mat/Dropbox/University/Masters/COMP90024/Assessment/Assignment Two/COMP90024-Twitter-Project/GraphAPI/db/neo4j/development/data/graph.db/neostore.propertystore.db.strings rebuild id generator, highId=1 defragged count=0
2015-05-05 13:22:39.814+0000 INFO  [o.n.k.i.s.StoreFactory]: /Users/Mat/Dropbox/University/Masters/COMP90024/Assessment/Assignment Two/COMP90024-Twitter-Project/GraphAPI/db/neo4j/development/data/graph.db/neostore.propertystore.db.arrays rebuild id generator, highId=1 defragged count=0
2015-05-05 13:22:39.814+0000 INFO  [o.n.k.i.s.StoreFactory]: /Users/Mat/Dropbox/University/Masters/COMP90024/Assessment/Assignment Two/COMP90024-Twitter-Project/GraphAPI/db/neo4j/development/data/graph.db/neostore.propertystore.db rebuild id generator, highId=0 defragged count=0
2015-05-05 13:22:39.815+0000 INFO  [o.n.k.i.s.StoreFactory]: /Users/Mat/Dropbox/University/Masters/COMP90024/Assessment/Assignment Two/COMP90024-Twitter-Project/GraphAPI/db/neo4j/development/data/graph.db/neostore.relationshipstore.db rebuild id generator, highId=0 defragged count=0
2015-05-05 13:22:39.815+0000 INFO  [o.n.k.i.s.StoreFactory]: /Users/Mat/Dropbox/University/Masters/COMP90024/Assessment/Assignment Two/COMP90024-Twitter-Project/GraphAPI/db/neo4j/development/data/graph.db/neostore.nodestore.db.labels rebuild id generator, highId=1 defragged count=0
2015-05-05 13:22:39.816+0000 INFO  [o.n.k.i.s.StoreFactory]: /Users/Mat/Dropbox/University/Masters/COMP90024/Assessment/Assignment Two/COMP90024-Twitter-Project/GraphAPI/db/neo4j/development/data/graph.db/neostore.nodestore.db rebuild id generator, highId=0 defragged count=0
2015-05-05 13:22:39.817+0000 INFO  [o.n.k.i.s.StoreFactory]: /Users/Mat/Dropbox/University/Masters/COMP90024/Assessment/Assignment Two/COMP90024-Twitter-Project/GraphAPI/db/neo4j/development/data/graph.db/neostore.schemastore.db rebuild id generator, highId=1 defragged count=0
2015-05-05 13:22:39.818+0000 INFO  [o.n.k.i.s.StoreFactory]: /Users/Mat/Dropbox/University/Masters/COMP90024/Assessment/Assignment Two/COMP90024-Twitter-Project/GraphAPI/db/neo4j/development/data/graph.db/neostore.relationshipgroupstore.db rebuild id generator, highId=1 defragged count=0
2015-05-05 13:22:39.820+0000 INFO  [o.n.k.i.s.StoreFactory]: /Users/Mat/Dropbox/University/Masters/COMP90024/Assessment/Assignment Two/COMP90024-Twitter-Project/GraphAPI/db/neo4j/development/data/graph.db/neostore rebuild id generator, highId=11 defragged count=0
2015-05-05 13:22:40.558+0000 INFO  [o.n.k.i.DiagnosticsManager]: --- STARTED diagnostics for KernelDiagnostics:Versions START ---
2015-05-05 13:22:40.558+0000 INFO  [o.n.k.i.DiagnosticsManager]: Graph Database: org.neo4j.kernel.EmbeddedGraphDatabase StoreId{creationTime=1430578051112, randomId=-3925117110839815090, storeVersion=14687556271633926, upgradeTime=1430578051112, upgradeId=1}
2015-05-05 13:22:40.558+0000 INFO  [o.n.k.i.DiagnosticsManager]: Kernel version: Neo4j - Graph Database Kernel (neo4j-kernel), version: 2.2.0-M02
2015-05-05 13:22:40.558+0000 INFO  [o.n.k.i.DiagnosticsManager]: Neo4j component versions:
2015-05-05 13:22:40.569+0000 INFO  [o.n.k.i.DiagnosticsManager]:   Neo4j - Lucene Index (neo4j-lucene-index), version: 2.2.0-M02; revision: 2.2.0-M02:master:549/b70e1e11e4af9d5c5ffe171bbb3013625ee3bc4b
2015-05-05 13:22:40.569+0000 INFO  [o.n.k.i.DiagnosticsManager]:   Neo4j - JMX support (neo4j-jmx), version: 2.2.0-M02; revision: 2.2.0-M02:master:549/b70e1e11e4af9d5c5ffe171bbb3013625ee3bc4b
2015-05-05 13:22:40.569+0000 INFO  [o.n.k.i.DiagnosticsManager]:   Neo4j - Graph Matching (neo4j-graph-matching), version: 2.2.0-M02; revision: 2.2.0-M02:master:549/b70e1e11e4af9d5c5ffe171bbb3013625ee3bc4b
2015-05-05 13:22:40.569+0000 INFO  [o.n.k.i.DiagnosticsManager]:   Neo4j - Cypher Compiler 2.1 (neo4j-cypher-compiler-2.1), version: 2.1.6; revision: 2.1.6:2.1-maint:605/0d7f25fc608f15c54ec1a01f4ba4564ebfb1071a
2015-05-05 13:22:40.569+0000 INFO  [o.n.k.i.DiagnosticsManager]:   Neo4j - Server API (server-api), version: 2.2.0-M02; revision: 2.2.0-M02:master:549/b70e1e11e4af9d5c5ffe171bbb3013625ee3bc4b
2015-05-05 13:22:40.569+0000 INFO  [o.n.k.i.DiagnosticsManager]:   Neo4j - Import Command Line Tool (neo4j-import-tool), version: 2.2.0-M02; revision: 2.2.0-M02:master:549/b70e1e11e4af9d5c5ffe171bbb3013625ee3bc4b
2015-05-05 13:22:40.569+0000 INFO  [o.n.k.i.DiagnosticsManager]:   Neo4j - Graph Database Kernel (neo4j-kernel), version: 2.2.0-M02; revision: 2.2.0-M02:master:549/b70e1e11e4af9d5c5ffe171bbb3013625ee3bc4b
2015-05-05 13:22:40.569+0000 INFO  [o.n.k.i.DiagnosticsManager]:   Neo4j - Cypher (neo4j-cypher), version: 2.2.0-M02; revision: 2.2.0-M02:master:549/b70e1e11e4af9d5c5ffe171bbb3013625ee3bc4b
2015-05-05 13:22:40.569+0000 INFO  [o.n.k.i.DiagnosticsManager]:   Neo4j - Server (neo4j-server), version: 2.2.0-M02; revision: 2.2.0-M02:master:549/b70e1e11e4af9d5c5ffe171bbb3013625ee3bc4b
2015-05-05 13:22:40.569+0000 INFO  [o.n.k.i.DiagnosticsManager]:   Neo4j - Graph Algorithms (neo4j-graph-algo), version: 2.2.0-M02; revision: 2.2.0-M02:master:549/b70e1e11e4af9d5c5ffe171bbb3013625ee3bc4b
2015-05-05 13:22:40.569+0000 INFO  [o.n.k.i.DiagnosticsManager]:   Neo4j - Cypher Compiler 2.2 (neo4j-cypher-compiler-2.2), version: 2.2.0-M02; revision: 2.2.0-M02:master:549/b70e1e11e4af9d5c5ffe171bbb3013625ee3bc4b
2015-05-05 13:22:40.569+0000 INFO  [o.n.k.i.DiagnosticsManager]:   Neo4j - Cypher Compiler 2.0 (neo4j-cypher-compiler-2.0), version: 2.0.4; revision: 2.0.4:2.0-maint:130/4a7d10bc274a5d26a180bbe9df25100e8a694748
2015-05-05 13:22:40.569+0000 INFO  [o.n.k.i.DiagnosticsManager]:   Neo4j - Consistency Checker (neo4j-consistency-check), version: 2.2.0-M02; revision: 2.2.0-M02:master:549/b70e1e11e4af9d5c5ffe171bbb3013625ee3bc4b
2015-05-05 13:22:40.569+0000 INFO  [o.n.k.i.DiagnosticsManager]:   Neo4j - Generic shell (neo4j-shell), version: 2.2.0-M02; revision: 2.2.0-M02:master:549/b70e1e11e4af9d5c5ffe171bbb3013625ee3bc4b
2015-05-05 13:22:40.569+0000 INFO  [o.n.k.i.DiagnosticsManager]:   Neo4j - Cypher Compiler 1.9 (neo4j-cypher-compiler-1.9), version: 2.0.4; revision: 2.0.4:2.0-maint:130/4a7d10bc274a5d26a180bbe9df25100e8a694748
2015-05-05 13:22:40.569+0000 INFO  [o.n.k.i.DiagnosticsManager]:   neo4j-udc, version: 2.2.0-M02; revision: 2.2.0-M02:master:549/b70e1e11e4af9d5c5ffe171bbb3013625ee3bc4b
2015-05-05 13:22:40.569+0000 INFO  [o.n.k.i.DiagnosticsManager]: --- STARTED diagnostics for KernelDiagnostics:Versions END ---
2015-05-05 13:22:40.572+0000 INFO  [o.n.k.i.DiagnosticsManager]: --- STARTED diagnostics for NEO_STORE_VERSIONS START ---
2015-05-05 13:22:40.572+0000 INFO  [o.n.k.i.DiagnosticsManager]: Store versions:
2015-05-05 13:22:40.572+0000 INFO  [o.n.k.i.DiagnosticsManager]: Store versions:
2015-05-05 13:22:40.572+0000 INFO  [o.n.k.i.DiagnosticsManager]:   NeoStore v0.A.4
2015-05-05 13:22:40.572+0000 INFO  [o.n.k.i.DiagnosticsManager]:   SchemaStore v0.A.4
2015-05-05 13:22:40.572+0000 INFO  [o.n.k.i.DiagnosticsManager]:   NodeStore v0.A.4
2015-05-05 13:22:40.572+0000 INFO  [o.n.k.i.DiagnosticsManager]:   RelationshipStore v0.A.4
2015-05-05 13:22:40.572+0000 INFO  [o.n.k.i.DiagnosticsManager]:   RelationshipTypeStore v0.A.4
2015-05-05 13:22:40.572+0000 INFO  [o.n.k.i.DiagnosticsManager]:   LabelTokenStore v0.A.4
2015-05-05 13:22:40.572+0000 INFO  [o.n.k.i.DiagnosticsManager]:   PropertyStore v0.A.4
2015-05-05 13:22:40.573+0000 INFO  [o.n.k.i.DiagnosticsManager]:   PropertyIndexStore v0.A.4
2015-05-05 13:22:40.573+0000 INFO  [o.n.k.i.DiagnosticsManager]:   StringPropertyStore v0.A.4
2015-05-05 13:22:40.573+0000 INFO  [o.n.k.i.DiagnosticsManager]:   ArrayPropertyStore v0.A.4
2015-05-05 13:22:40.573+0000 INFO  [o.n.k.i.DiagnosticsManager]:   RelationshipGroupStore v0.A.4
2015-05-05 13:22:40.573+0000 INFO  [o.n.k.i.DiagnosticsManager]: --- STARTED diagnostics for NEO_STORE_VERSIONS END ---
2015-05-05 13:22:40.573+0000 INFO  [o.n.k.i.DiagnosticsManager]: --- STARTED diagnostics for NEO_STORE_ID_USAGE START ---
2015-05-05 13:22:40.573+0000 INFO  [o.n.k.i.DiagnosticsManager]: Id usage:
2015-05-05 13:22:40.573+0000 INFO  [o.n.k.i.DiagnosticsManager]: Id usage:
2015-05-05 13:22:40.573+0000 INFO  [o.n.k.i.DiagnosticsManager]:   SchemaStore: used=1 high=0
2015-05-05 13:22:40.573+0000 INFO  [o.n.k.i.DiagnosticsManager]:   NodeStore: used=0 high=-1
2015-05-05 13:22:40.573+0000 INFO  [o.n.k.i.DiagnosticsManager]:   RelationshipStore: used=0 high=-1
2015-05-05 13:22:40.573+0000 INFO  [o.n.k.i.DiagnosticsManager]:   RelationshipTypeStore: used=0 high=-1
2015-05-05 13:22:40.573+0000 INFO  [o.n.k.i.DiagnosticsManager]:   LabelTokenStore: used=0 high=-1
2015-05-05 13:22:40.574+0000 INFO  [o.n.k.i.DiagnosticsManager]:   PropertyStore: used=0 high=-1
2015-05-05 13:22:40.574+0000 INFO  [o.n.k.i.DiagnosticsManager]:   PropertyIndexStore: used=0 high=-1
2015-05-05 13:22:40.574+0000 INFO  [o.n.k.i.DiagnosticsManager]:   StringPropertyStore: used=1 high=0
2015-05-05 13:22:40.574+0000 INFO  [o.n.k.i.DiagnosticsManager]:   ArrayPropertyStore: used=1 high=0
2015-05-05 13:22:40.574+0000 INFO  [o.n.k.i.DiagnosticsManager]:   RelationshipGroupStore: used=1 high=0
2015-05-05 13:22:40.574+0000 INFO  [o.n.k.i.DiagnosticsManager]: --- STARTED diagnostics for NEO_STORE_ID_USAGE END ---
2015-05-05 13:22:40.574+0000 INFO  [o.n.k.i.DiagnosticsManager]: --- STARTED diagnostics for KernelDiagnostics:StoreFiles START ---
2015-05-05 13:22:40.575+0000 INFO  [o.n.k.i.DiagnosticsManager]: Disk space on partition (Total / Free / Free %): 439418032128 / 246762762240 / 56
Storage files: (filename : modification date - size)
2015-05-05 13:22:40.575+0000 INFO  [o.n.k.i.DiagnosticsManager]:   index:
2015-05-05 13:22:40.576+0000 INFO  [o.n.k.i.DiagnosticsManager]:   - Total: 2015-05-03T00:47:31+1000 - 0.00 B
2015-05-05 13:22:40.576+0000 INFO  [o.n.k.i.DiagnosticsManager]:   lock: 2015-05-03T00:47:31+1000 - 0.00 B
2015-05-05 13:22:40.576+0000 INFO  [o.n.k.i.DiagnosticsManager]:   messages.2015-05-03.log: 2015-05-03T23:17:51+1000 - 63.52 kB
2015-05-05 13:22:40.576+0000 INFO  [o.n.k.i.DiagnosticsManager]:   messages.2015-05-04.log: 2015-05-04T20:59:18+1000 - 2.58 kB
2015-05-05 13:22:40.577+0000 INFO  [o.n.k.i.DiagnosticsManager]:   messages.log: 2015-05-05T23:22:40+1000 - 61.25 kB
2015-05-05 13:22:40.577+0000 INFO  [o.n.k.i.DiagnosticsManager]:   neostore: 2015-05-03T00:47:31+1000 - 99.00 B
2015-05-05 13:22:40.577+0000 INFO  [o.n.k.i.DiagnosticsManager]:   neostore.counts.db.a: 2015-05-03T00:47:31+1000 - 8.00 kB
2015-05-05 13:22:40.577+0000 INFO  [o.n.k.i.DiagnosticsManager]:   neostore.counts.db.b: 2015-05-03T00:47:31+1000 - 8.00 kB
2015-05-05 13:22:40.578+0000 INFO  [o.n.k.i.DiagnosticsManager]:   neostore.id: 2015-05-05T23:22:39+1000 - 9.00 B
2015-05-05 13:22:40.578+0000 INFO  [o.n.k.i.DiagnosticsManager]:   neostore.labeltokenstore.db: 2015-05-03T00:47:31+1000 - 0.00 B
2015-05-05 13:22:40.578+0000 INFO  [o.n.k.i.DiagnosticsManager]:   neostore.labeltokenstore.db.id: 2015-05-05T23:22:39+1000 - 9.00 B
2015-05-05 13:22:40.578+0000 INFO  [o.n.k.i.DiagnosticsManager]:   neostore.labeltokenstore.db.names: 2015-05-03T00:47:31+1000 - 38.00 B
2015-05-05 13:22:40.579+0000 INFO  [o.n.k.i.DiagnosticsManager]:   neostore.labeltokenstore.db.names.id: 2015-05-05T23:22:39+1000 - 9.00 B
2015-05-05 13:22:40.579+0000 INFO  [o.n.k.i.DiagnosticsManager]:   neostore.nodestore.db: 2015-05-03T00:47:31+1000 - 0.00 B
2015-05-05 13:22:40.579+0000 INFO  [o.n.k.i.DiagnosticsManager]:   neostore.nodestore.db.id: 2015-05-05T23:22:39+1000 - 9.00 B
2015-05-05 13:22:40.579+0000 INFO  [o.n.k.i.DiagnosticsManager]:   neostore.nodestore.db.labels: 2015-05-03T00:47:31+1000 - 68.00 B
2015-05-05 13:22:40.580+0000 INFO  [o.n.k.i.DiagnosticsManager]:   neostore.nodestore.db.labels.id: 2015-05-05T23:22:39+1000 - 9.00 B
2015-05-05 13:22:40.580+0000 INFO  [o.n.k.i.DiagnosticsManager]:   neostore.propertystore.db: 2015-05-03T00:47:31+1000 - 0.00 B
2015-05-05 13:22:40.580+0000 INFO  [o.n.k.i.DiagnosticsManager]:   neostore.propertystore.db.arrays: 2015-05-03T00:47:31+1000 - 128.00 B
2015-05-05 13:22:40.580+0000 INFO  [o.n.k.i.DiagnosticsManager]:   neostore.propertystore.db.arrays.id: 2015-05-05T23:22:39+1000 - 9.00 B
2015-05-05 13:22:40.581+0000 INFO  [o.n.k.i.DiagnosticsManager]:   neostore.propertystore.db.id: 2015-05-05T23:22:39+1000 - 9.00 B
2015-05-05 13:22:40.581+0000 INFO  [o.n.k.i.DiagnosticsManager]:   neostore.propertystore.db.index: 2015-05-03T00:47:31+1000 - 0.00 B
2015-05-05 13:22:40.581+0000 INFO  [o.n.k.i.DiagnosticsManager]:   neostore.propertystore.db.index.id: 2015-05-05T23:22:39+1000 - 9.00 B
2015-05-05 13:22:40.581+0000 INFO  [o.n.k.i.DiagnosticsManager]:   neostore.propertystore.db.index.keys: 2015-05-03T00:47:31+1000 - 38.00 B
2015-05-05 13:22:40.582+0000 INFO  [o.n.k.i.DiagnosticsManager]:   neostore.propertystore.db.index.keys.id: 2015-05-05T23:22:39+1000 - 9.00 B
2015-05-05 13:22:40.582+0000 INFO  [o.n.k.i.DiagnosticsManager]:   neostore.propertystore.db.strings: 2015-05-03T00:47:31+1000 - 128.00 B
2015-05-05 13:22:40.582+0000 INFO  [o.n.k.i.DiagnosticsManager]:   neostore.propertystore.db.strings.id: 2015-05-05T23:22:39+1000 - 9.00 B
2015-05-05 13:22:40.582+0000 INFO  [o.n.k.i.DiagnosticsManager]:   neostore.relationshipgroupstore.db: 2015-05-03T00:47:31+1000 - 25.00 B
2015-05-05 13:22:40.583+0000 INFO  [o.n.k.i.DiagnosticsManager]:   neostore.relationshipgroupstore.db.id: 2015-05-05T23:22:39+1000 - 9.00 B
2015-05-05 13:22:40.583+0000 INFO  [o.n.k.i.DiagnosticsManager]:   neostore.relationshipstore.db: 2015-05-03T00:47:31+1000 - 0.00 B
2015-05-05 13:22:40.583+0000 INFO  [o.n.k.i.DiagnosticsManager]:   neostore.relationshipstore.db.id: 2015-05-05T23:22:39+1000 - 9.00 B
2015-05-05 13:22:40.583+0000 INFO  [o.n.k.i.DiagnosticsManager]:   neostore.relationshiptypestore.db: 2015-05-03T00:47:31+1000 - 0.00 B
2015-05-05 13:22:40.584+0000 INFO  [o.n.k.i.DiagnosticsManager]:   neostore.relationshiptypestore.db.id: 2015-05-05T23:22:39+1000 - 9.00 B
2015-05-05 13:22:40.584+0000 INFO  [o.n.k.i.DiagnosticsManager]:   neostore.relationshiptypestore.db.names: 2015-05-03T00:47:31+1000 - 38.00 B
2015-05-05 13:22:40.584+0000 INFO  [o.n.k.i.DiagnosticsManager]:   neostore.relationshiptypestore.db.names.id: 2015-05-05T23:22:39+1000 - 9.00 B
2015-05-05 13:22:40.584+0000 INFO  [o.n.k.i.DiagnosticsManager]:   neostore.schemastore.db: 2015-05-03T00:47:31+1000 - 64.00 B
2015-05-05 13:22:40.584+0000 INFO  [o.n.k.i.DiagnosticsManager]:   neostore.schemastore.db.id: 2015-05-05T23:22:39+1000 - 9.00 B
2015-05-05 13:22:40.585+0000 INFO  [o.n.k.i.DiagnosticsManager]:   neostore.transaction.db.0: 2015-05-03T00:47:31+1000 - 16.00 B
2015-05-05 13:22:40.585+0000 INFO  [o.n.k.i.DiagnosticsManager]:   rrd: 2015-05-04T23:42:48+1000 - 1.93 MB
2015-05-05 13:22:40.585+0000 INFO  [o.n.k.i.DiagnosticsManager]:   schema:
2015-05-05 13:22:40.585+0000 INFO  [o.n.k.i.DiagnosticsManager]:     index:
2015-05-05 13:22:40.585+0000 INFO  [o.n.k.i.DiagnosticsManager]:       lucene:
2015-05-05 13:22:40.585+0000 INFO  [o.n.k.i.DiagnosticsManager]:         1:
2015-05-05 13:22:40.586+0000 INFO  [o.n.k.i.DiagnosticsManager]:           failure-message: 2015-05-02T23:33:45+1000 - 16.00 kB
2015-05-05 13:22:40.586+0000 INFO  [o.n.k.i.DiagnosticsManager]:           segments.gen: 2015-05-02T23:53:04+1000 - 20.00 B
2015-05-05 13:22:40.586+0000 INFO  [o.n.k.i.DiagnosticsManager]:           segments_2: 2015-05-02T23:53:04+1000 - 46.00 B
2015-05-05 13:22:40.586+0000 INFO  [o.n.k.i.DiagnosticsManager]:           write.lock: 2015-05-02T23:33:45+1000 - 0.00 B
2015-05-05 13:22:40.587+0000 INFO  [o.n.k.i.DiagnosticsManager]:         - Total: 2015-05-02T23:53:04+1000 - 16.06 kB
2015-05-05 13:22:40.587+0000 INFO  [o.n.k.i.DiagnosticsManager]:         3:
2015-05-05 13:22:40.587+0000 INFO  [o.n.k.i.DiagnosticsManager]:           _2.cfs: 2015-05-02T23:48:57+1000 - 297.00 B
2015-05-05 13:22:40.587+0000 INFO  [o.n.k.i.DiagnosticsManager]:           failure-message: 2015-05-02T23:46:52+1000 - 16.00 kB
2015-05-05 13:22:40.587+0000 INFO  [o.n.k.i.DiagnosticsManager]:           segments.gen: 2015-05-02T23:53:04+1000 - 20.00 B
2015-05-05 13:22:40.588+0000 INFO  [o.n.k.i.DiagnosticsManager]:           segments_2: 2015-05-02T23:53:04+1000 - 295.00 B
2015-05-05 13:22:40.588+0000 INFO  [o.n.k.i.DiagnosticsManager]:           write.lock: 2015-05-02T23:46:52+1000 - 0.00 B
2015-05-05 13:22:40.588+0000 INFO  [o.n.k.i.DiagnosticsManager]:         - Total: 2015-05-02T23:53:04+1000 - 16.60 kB
2015-05-05 13:22:40.588+0000 INFO  [o.n.k.i.DiagnosticsManager]:         5:
2015-05-05 13:22:40.588+0000 INFO  [o.n.k.i.DiagnosticsManager]:           _2.cfs: 2015-05-02T23:48:57+1000 - 227.00 B
2015-05-05 13:22:40.589+0000 INFO  [o.n.k.i.DiagnosticsManager]:           failure-message: 2015-05-02T23:46:52+1000 - 16.00 kB
2015-05-05 13:22:40.589+0000 INFO  [o.n.k.i.DiagnosticsManager]:           segments.gen: 2015-05-02T23:53:04+1000 - 20.00 B
2015-05-05 13:22:40.589+0000 INFO  [o.n.k.i.DiagnosticsManager]:           segments_2: 2015-05-02T23:53:04+1000 - 295.00 B
2015-05-05 13:22:40.589+0000 INFO  [o.n.k.i.DiagnosticsManager]:           write.lock: 2015-05-02T23:46:52+1000 - 0.00 B
2015-05-05 13:22:40.590+0000 INFO  [o.n.k.i.DiagnosticsManager]:         - Total: 2015-05-02T23:53:04+1000 - 16.53 kB
2015-05-05 13:22:40.590+0000 INFO  [o.n.k.i.DiagnosticsManager]:       - Total: 2015-05-02T23:46:52+1000 - 49.19 kB
2015-05-05 13:22:40.590+0000 INFO  [o.n.k.i.DiagnosticsManager]:     - Total: 2015-05-02T23:33:45+1000 - 49.19 kB
2015-05-05 13:22:40.590+0000 INFO  [o.n.k.i.DiagnosticsManager]:     label:
2015-05-05 13:22:40.590+0000 INFO  [o.n.k.i.DiagnosticsManager]:       lucene:
2015-05-05 13:22:40.591+0000 INFO  [o.n.k.i.DiagnosticsManager]:         _2.cfs: 2015-05-02T23:48:57+1000 - 229.00 B
2015-05-05 13:22:40.591+0000 INFO  [o.n.k.i.DiagnosticsManager]:         segments.gen: 2015-05-02T23:53:04+1000 - 20.00 B
2015-05-05 13:22:40.591+0000 INFO  [o.n.k.i.DiagnosticsManager]:         segments_1: 2015-05-02T23:53:04+1000 - 244.00 B
2015-05-05 13:22:40.591+0000 INFO  [o.n.k.i.DiagnosticsManager]:         write.lock: 2015-05-03T00:47:31+1000 - 0.00 B
2015-05-05 13:22:40.592+0000 INFO  [o.n.k.i.DiagnosticsManager]:       - Total: 2015-05-03T00:47:31+1000 - 493.00 B
2015-05-05 13:22:40.592+0000 INFO  [o.n.k.i.DiagnosticsManager]:     - Total: 2015-05-02T23:33:56+1000 - 493.00 B
2015-05-05 13:22:40.592+0000 INFO  [o.n.k.i.DiagnosticsManager]:   - Total: 2015-05-02T23:33:56+1000 - 49.67 kB
2015-05-05 13:22:40.592+0000 INFO  [o.n.k.i.DiagnosticsManager]:   store_lock: 2015-05-03T00:47:31+1000 - 0.00 B
2015-05-05 13:22:40.592+0000 INFO  [o.n.k.i.DiagnosticsManager]: --- STARTED diagnostics for KernelDiagnostics:StoreFiles END ---
2015-05-05 13:22:40.630+0000 INFO  [o.n.k.EmbeddedGraphDatabase]: Database is now ready
2015-05-05 13:22:40.631+0000 INFO  [o.n.s.d.LifecycleManagingDatabase]: Successfully started database
2015-05-05 13:22:40.632+0000 INFO  [o.n.k.i.DiagnosticsManager]: --- SERVER STARTED START ---
2015-05-05 13:22:40.694+0000 INFO  [o.n.s.CommunityNeoServer]: Starting HTTP on port :7474 with 8 threads available
2015-05-05 13:22:40.894+0000 INFO  [o.n.s.CommunityNeoServer]: Enabling HTTPS on port :7473
2015-05-05 13:22:41.119+0000 INFO  [o.n.s.w.Jetty9WebServer]: Mounting static content at [/webadmin] from [webadmin-html]
2015-05-05 13:22:41.188+0000 INFO  [o.n.s.w.Jetty9WebServer]: Mounting static content at [/browser] from [browser]
2015-05-05 13:22:42.581+0000 INFO  [o.n.s.CommunityNeoServer]: Server started on: http://localhost:7474/
2015-05-05 13:22:42.581+0000 INFO  [o.n.s.CommunityNeoServer]: Remote interface ready and available at [http://localhost:7474/]
2015-05-05 13:22:42.581+0000 INFO  [o.n.k.i.DiagnosticsManager]: --- SERVER STARTED END ---
2015-05-05 13:26:10.824+0000 INFO  [o.n.k.i.a.i.IndexPopulationJob]: Index population started: [:Tweet(uuid) [provider: {key=lucene, version=1.0}]]
2015-05-05 13:26:10.834+0000 INFO  [o.n.k.i.a.KernelSchemaStateStore]: Schema state store has been cleared.
2015-05-05 13:26:10.840+0000 INFO  [o.n.k.i.a.i.IndexPopulationJob]: Index population completed. Index is now online: [:Tweet(uuid) [provider: {key=lucene, version=1.0}]]
2015-05-05 13:26:10.873+0000 INFO  [o.n.k.i.a.KernelSchemaStateStore]: Schema state store has been cleared.
2015-05-05 13:26:10.893+0000 INFO  [o.n.k.i.a.i.IndexPopulationJob]: Index population started: [:Tweet(twitter_id) [provider: {key=lucene, version=1.0}]]
2015-05-05 13:26:10.896+0000 INFO  [o.n.k.i.a.KernelSchemaStateStore]: Schema state store has been cleared.
2015-05-05 13:26:10.897+0000 INFO  [o.n.k.i.a.i.IndexPopulationJob]: Index population completed. Index is now online: [:Tweet(twitter_id) [provider: {key=lucene, version=1.0}]]
2015-05-05 13:26:10.898+0000 INFO  [o.n.k.i.a.KernelSchemaStateStore]: Schema state store has been cleared.
2015-05-05 13:32:53.318+0000 INFO  [o.n.k.i.a.i.IndexPopulationJob]: Index population started: [:User(uuid) [provider: {key=lucene, version=1.0}]]
2015-05-05 13:32:53.325+0000 INFO  [o.n.k.i.a.KernelSchemaStateStore]: Schema state store has been cleared.
2015-05-05 13:32:53.330+0000 INFO  [o.n.k.i.a.i.IndexPopulationJob]: Index population completed. Index is now online: [:User(uuid) [provider: {key=lucene, version=1.0}]]
2015-05-05 13:32:53.333+0000 INFO  [o.n.k.i.a.KernelSchemaStateStore]: Schema state store has been cleared.
2015-05-05 13:32:53.400+0000 INFO  [o.n.k.i.a.i.IndexPopulationJob]: Index population started: [:User(twitter_id) [provider: {key=lucene, version=1.0}]]
2015-05-05 13:32:53.409+0000 INFO  [o.n.k.i.a.KernelSchemaStateStore]: Schema state store has been cleared.
2015-05-05 13:32:53.415+0000 INFO  [o.n.k.i.a.i.IndexPopulationJob]: Index population completed. Index is now online: [:User(twitter_id) [provider: {key=lucene, version=1.0}]]
2015-05-05 13:32:53.419+0000 INFO  [o.n.k.i.a.KernelSchemaStateStore]: Schema state store has been cleared.
2015-05-05 13:32:59.830+0000 INFO  [o.n.k.i.a.i.s.OnlineIndexSamplingJob]: Sampled index :User(twitter_id) with 1 unique values in sample of avg size 1 taken from index containing 1 entries
2015-05-05 13:33:09.825+0000 INFO  [o.n.k.i.a.i.s.OnlineIndexSamplingJob]: Sampled index :User(uuid) with 1 unique values in sample of avg size 1 taken from index containing 1 entries
2015-05-05 13:33:50.763+0000 INFO  [o.n.k.i.q.QueryExecutionEngine]: Discarded stale query from the query cache: MATCH (n:`User`) WHERE (n.twitter_id = {n_twitter_id}) RETURN n LIMIT {limit_1}
2015-05-05 13:33:50.766+0000 INFO  [o.n.k.i.q.QueryExecutionEngine]: Discarded stale query from the query cache: MATCH (n:`User`) WHERE (n.twitter_id = {n_twitter_id}) RETURN n LIMIT {limit_1}
2015-05-05 13:33:50.847+0000 INFO  [o.n.k.i.q.QueryExecutionEngine]: Discarded stale query from the query cache: MATCH (result:`User`) WHERE (result.twitter_id = {result_twitter_id}) RETURN COUNT(result) AS count
2015-05-05 13:33:50.849+0000 INFO  [o.n.k.i.q.QueryExecutionEngine]: Discarded stale query from the query cache: MATCH (result:`User`) WHERE (result.twitter_id = {result_twitter_id}) RETURN COUNT(result) AS count
2015-05-05 13:33:59.825+0000 INFO  [o.n.k.i.a.i.s.OnlineIndexSamplingJob]: Sampled index :User(twitter_id) with 2 unique values in sample of avg size 2 taken from index containing 2 entries
2015-05-05 13:34:09.828+0000 INFO  [o.n.k.i.a.i.s.OnlineIndexSamplingJob]: Sampled index :User(uuid) with 2 unique values in sample of avg size 2 taken from index containing 2 entries
2015-05-05 13:35:09.828+0000 INFO  [o.n.k.i.a.i.s.OnlineIndexSamplingJob]: Sampled index :Tweet(uuid) with 1 unique values in sample of avg size 1 taken from index containing 1 entries
2015-05-05 13:35:19.827+0000 INFO  [o.n.k.i.a.i.s.OnlineIndexSamplingJob]: Sampled index :Tweet(twitter_id) with 1 unique values in sample of avg size 1 taken from index containing 1 entries
